<?xml version="1.0" encoding="UTF-8"?>
<testsuites name="VendorAttributeAddon" time="129" tests="3" failures="1" errors="0">
   <testsuite name="VendorAttributeAddon" tests="3" failures="1" errors="0" time="129" timestamp="2018-09-10 22:31:59" hostname="User - DESKTOP-5HHLDMN" id="Test Suites/VendorAttributeAddon">
      <properties>
         <property name="deviceName" value=""/>
         <property name="devicePlatform" value=""/>
         <property name="logFolder" value="C:\\Users\\User\\Katalon Studio\\addonTestAutomation\\Reports\\VendorAttributeAddon\\20180910_223156"/>
         <property name="logFiles" value="C:\\Users\\User\\Katalon Studio\\addonTestAutomation\\Reports\\VendorAttributeAddon\\20180910_223156\\execution0.log"/>
         <property name="attachments" value="C:\\Users\\User\\Katalon Studio\\addonTestAutomation\\Reports\\VendorAttributeAddon\\20180910_223156\\1536590047713.png"/>
         <property name="hostName" value="User - DESKTOP-5HHLDMN"/>
         <property name="os" value="Windows 10 64bit"/>
         <property name="katalonVersion" value="5.7.0.1"/>
         <property name="browser" value="Chrome 68.0.3440.106"/>
         <property name="hostAddress" value="192.168.8.100"/>
         <property name="sessionId" value="faa235dda80135f788c2200088ce6df9"/>
         <property name="seleniumVersion" value="3.7.1"/>
         <property name="proxyInformation" value="ProxyInformation{proxyOption=NO_PROXY, proxyServerType=HTTP, password=, proxyServerAddress=, proxyServerPort=0}"/>
         <property name="platform" value="Windows 10"/>
      </properties>
      <testcase name="Test Cases/VendorAttributeAddon/AddNewAttribute" classname="Test Cases/VendorAttributeAddon/AddNewAttribute" status="PASSED">
         <system-out><![CDATA[2018-09-10 22:32:00 - [TEST_CASE][PASSED] - Test Cases/VendorAttributeAddon/AddNewAttribute: Test Cases/VendorAttributeAddon/AddNewAttribute

2018-09-10 22:32:00 - [TEST_STEP][PASSED] - openBrowser: Browser is opened with url: ''

2018-09-10 22:32:03 - [MESSAGE][PASSED] - Browser is opened with url: ''

2018-09-10 22:32:03 - [TEST_STEP][PASSED] - maximizeWindow: Current window maximized

2018-09-10 22:32:04 - [MESSAGE][PASSED] - Current window maximized

2018-09-10 22:32:04 - [TEST_STEP][PASSED] - navigateToUrl: Navigate to 'http://46.101.72.110/admin_stage/admin/index/index/key/83f348aef1ab1267025c4f6ebf479c17e1de9cd81a89bb9a3a50f6ae7f861365/' successfully

2018-09-10 22:32:12 - [MESSAGE][PASSED] - Navigate to 'http://46.101.72.110/admin_stage/admin/index/index/key/83f348aef1ab1267025c4f6ebf479c17e1de9cd81a89bb9a3a50f6ae7f861365/' successfully

2018-09-10 22:32:12 - [TEST_STEP][PASSED] - setText: Text 'adminStage2' is set on object 'Object Repository/Page_Magento Admin/input_Username_loginusername'

2018-09-10 22:32:12 - [MESSAGE][PASSED] - Text 'adminStage2' is set on object 'Object Repository/Page_Magento Admin/input_Username_loginusername'

2018-09-10 22:32:12 - [TEST_STEP][PASSED] - setEncryptedText: Text ****** has been set on object 'Object Repository/Page_Magento Admin/input_Password_loginpassword'

2018-09-10 22:32:13 - [MESSAGE][PASSED] - Text ****** has been set on object 'Object Repository/Page_Magento Admin/input_Password_loginpassword'

2018-09-10 22:32:13 - [TEST_STEP][PASSED] - click: Object: 'Object Repository/Page_Magento Admin/span_Sign in' is clicked on

2018-09-10 22:32:16 - [MESSAGE][PASSED] - Object: 'Object Repository/Page_Magento Admin/span_Sign in' is clicked on

2018-09-10 22:32:16 - [TEST_STEP][PASSED] - click: Object: 'Object Repository/Page_Dashboard  Magento Admin/a_Marketplace' is clicked on

2018-09-10 22:32:17 - [MESSAGE][PASSED] - Object: 'Object Repository/Page_Dashboard  Magento Admin/a_Marketplace' is clicked on

2018-09-10 22:32:17 - [TEST_STEP][PASSED] - delay: Delayed 1 second(s)

2018-09-10 22:32:18 - [MESSAGE][PASSED] - Delayed 1 second(s)

2018-09-10 22:32:18 - [TEST_STEP][PASSED] - click: Object: 'Object Repository/Page_Dashboard  Magento Admin/a_Vendor Attributes' is clicked on

2018-09-10 22:32:20 - [MESSAGE][PASSED] - Object: 'Object Repository/Page_Dashboard  Magento Admin/a_Vendor Attributes' is clicked on

2018-09-10 22:32:20 - [TEST_STEP][PASSED] - delay: Delayed 1 second(s)

2018-09-10 22:32:21 - [MESSAGE][PASSED] - Delayed 1 second(s)

2018-09-10 22:32:21 - [TEST_STEP][PASSED] - click: Object: 'Object Repository/Page_Manage Vendor Attributes  Mana/button_Add New Attribute' is clicked on

2018-09-10 22:32:24 - [MESSAGE][PASSED] - Object: 'Object Repository/Page_Manage Vendor Attributes  Mana/button_Add New Attribute' is clicked on

2018-09-10 22:32:24 - [TEST_STEP][PASSED] - delay: Delayed 1 second(s)

2018-09-10 22:32:25 - [MESSAGE][PASSED] - Delayed 1 second(s)

2018-09-10 22:32:25 - [TEST_STEP][PASSED] - setText: Text 'testattrib125' is set on object 'Object Repository/Page_New Vendor Attribute  Product/input_Default Label_frontend_l'

2018-09-10 22:32:25 - [MESSAGE][PASSED] - Text 'testattrib125' is set on object 'Object Repository/Page_New Vendor Attribute  Product/input_Default Label_frontend_l'

2018-09-10 22:32:25 - [TEST_STEP][PASSED] - rightClick: Object: 'Object Repository/Page_New Vendor Attribute  Product/input_Attribute Code_attribute' is right clicked on

2018-09-10 22:32:25 - [MESSAGE][PASSED] - Object: 'Object Repository/Page_New Vendor Attribute  Product/input_Attribute Code_attribute' is right clicked on

2018-09-10 22:32:25 - [TEST_STEP][PASSED] - setText: Text 'testattrib125' is set on object 'Object Repository/Page_New Vendor Attribute  Product/input_Attribute Code_attribute'

2018-09-10 22:32:25 - [MESSAGE][PASSED] - Text 'testattrib125' is set on object 'Object Repository/Page_New Vendor Attribute  Product/input_Attribute Code_attribute'

2018-09-10 22:32:25 - [TEST_STEP][PASSED] - selectOptionByValue: All options with value 'textarea' are selected in object 'Object Repository/Page_New Vendor Attribute  Product/select_Text FieldText AreaDate'  using regular expression

2018-09-10 22:32:26 - [MESSAGE][PASSED] - All options with value 'textarea' are selected in object 'Object Repository/Page_New Vendor Attribute  Product/select_Text FieldText AreaDate'  using regular expression

2018-09-10 22:32:26 - [TEST_STEP][PASSED] - selectOptionByValue: All options with value '1' are selected in object 'Object Repository/Page_New Vendor Attribute  Product/select_YesNo'  using regular expression

2018-09-10 22:32:26 - [MESSAGE][PASSED] - All options with value '1' are selected in object 'Object Repository/Page_New Vendor Attribute  Product/select_YesNo'  using regular expression

2018-09-10 22:32:26 - [TEST_STEP][PASSED] - setText: Text 'test' is set on object 'Object Repository/Page_New Vendor Attribute  Product/textarea_Default Value_default'

2018-09-10 22:32:26 - [MESSAGE][PASSED] - Text 'test' is set on object 'Object Repository/Page_New Vendor Attribute  Product/textarea_Default Value_default'

2018-09-10 22:32:26 - [TEST_STEP][PASSED] - selectOptionByValue: All options with value '1' are selected in object 'Object Repository/Page_New Vendor Attribute  Product/select_YesNo_1'  using regular expression

2018-09-10 22:32:26 - [MESSAGE][PASSED] - All options with value '1' are selected in object 'Object Repository/Page_New Vendor Attribute  Product/select_YesNo_1'  using regular expression

2018-09-10 22:32:26 - [TEST_STEP][PASSED] - selectOptionByValue: All options with value 'validate-number' are selected in object 'Object Repository/Page_New Vendor Attribute  Product/select_NoneDecimal NumberInteg'  using regular expression

2018-09-10 22:32:26 - [MESSAGE][PASSED] - All options with value 'validate-number' are selected in object 'Object Repository/Page_New Vendor Attribute  Product/select_NoneDecimal NumberInteg'  using regular expression

2018-09-10 22:32:26 - [TEST_STEP][PASSED] - selectOptionByValue: All options with value '1' are selected in object 'Object Repository/Page_New Vendor Attribute  Product/select_YesNo_2'  using regular expression

2018-09-10 22:32:27 - [MESSAGE][PASSED] - All options with value '1' are selected in object 'Object Repository/Page_New Vendor Attribute  Product/select_YesNo_2'  using regular expression

2018-09-10 22:32:27 - [TEST_STEP][PASSED] - selectOptionByValue: All options with value '1' are selected in object 'Object Repository/Page_New Vendor Attribute  Product/select_YesNo_3'  using regular expression

2018-09-10 22:32:27 - [MESSAGE][PASSED] - All options with value '1' are selected in object 'Object Repository/Page_New Vendor Attribute  Product/select_YesNo_3'  using regular expression

2018-09-10 22:32:27 - [TEST_STEP][PASSED] - selectOptionByValue: All options with value '1' are selected in object 'Object Repository/Page_New Vendor Attribute  Product/select_YesNo_4'  using regular expression

2018-09-10 22:32:27 - [MESSAGE][PASSED] - All options with value '1' are selected in object 'Object Repository/Page_New Vendor Attribute  Product/select_YesNo_4'  using regular expression

2018-09-10 22:32:27 - [TEST_STEP][PASSED] - selectOptionByValue: All options with value '1' are selected in object 'Object Repository/Page_New Vendor Attribute  Product/select_YesNo_5'  using regular expression

2018-09-10 22:32:27 - [MESSAGE][PASSED] - All options with value '1' are selected in object 'Object Repository/Page_New Vendor Attribute  Product/select_YesNo_5'  using regular expression

2018-09-10 22:32:27 - [TEST_STEP][PASSED] - click: Object: 'Object Repository/Page_New Vendor Attribute  Product/button_Save Attribute' is clicked on

2018-09-10 22:32:27 - [MESSAGE][PASSED] - Object: 'Object Repository/Page_New Vendor Attribute  Product/button_Save Attribute' is clicked on

2018-09-10 22:32:27 - [TEST_STEP][PASSED] - delay: Delayed 1 second(s)

2018-09-10 22:32:28 - [MESSAGE][PASSED] - Delayed 1 second(s)

2018-09-10 22:32:28 - [TEST_STEP][PASSED] - verifyElementPresent: Object 'Object Repository/Page_Manage Vendor Attributes  Mana/div_You saved the vendor attri' is present

2018-09-10 22:32:28 - [MESSAGE][WARNING] - Timeout '0' is invalid. Using default page load timeout: '10'

2018-09-10 22:32:31 - [MESSAGE][PASSED] - Object 'Object Repository/Page_Manage Vendor Attributes  Mana/div_You saved the vendor attri' is present]]></system-out>
         <system-err><![CDATA[]]></system-err>
      </testcase>
      <testcase name="Test Cases/VendorAttributeAddon/SearchAttribute" classname="Test Cases/VendorAttributeAddon/SearchAttribute" status="PASSED">
         <system-out><![CDATA[2018-09-10 22:32:31 - [TEST_CASE][PASSED] - Test Cases/VendorAttributeAddon/SearchAttribute: Test Cases/VendorAttributeAddon/SearchAttribute

2018-09-10 22:32:31 - [TEST_STEP][PASSED] - openBrowser: Browser is opened with url: ''

2018-09-10 22:32:31 - [MESSAGE][WARNING] - A browser is already opened. Closing browser and opening a new one

2018-09-10 22:32:34 - [MESSAGE][PASSED] - Browser is opened with url: ''

2018-09-10 22:32:34 - [TEST_STEP][PASSED] - maximizeWindow: Current window maximized

2018-09-10 22:32:35 - [MESSAGE][PASSED] - Current window maximized

2018-09-10 22:32:35 - [TEST_STEP][PASSED] - navigateToUrl: Navigate to 'http://46.101.72.110/admin_stage/admin/index/index/key/6179d2611c845079ec2ae3e70da4e0efdabf7e6cb1d29321cea6461333372126/' successfully

2018-09-10 22:32:42 - [MESSAGE][PASSED] - Navigate to 'http://46.101.72.110/admin_stage/admin/index/index/key/6179d2611c845079ec2ae3e70da4e0efdabf7e6cb1d29321cea6461333372126/' successfully

2018-09-10 22:32:42 - [TEST_STEP][PASSED] - setText: Text 'adminStage2' is set on object 'Object Repository/Page_Magento Admin/input_Username_loginusername (1)'

2018-09-10 22:32:42 - [MESSAGE][PASSED] - Text 'adminStage2' is set on object 'Object Repository/Page_Magento Admin/input_Username_loginusername (1)'

2018-09-10 22:32:42 - [TEST_STEP][PASSED] - setEncryptedText: Text ****** has been set on object 'Object Repository/Page_Magento Admin/input_Password_loginpassword (1)'

2018-09-10 22:32:42 - [MESSAGE][PASSED] - Text ****** has been set on object 'Object Repository/Page_Magento Admin/input_Password_loginpassword (1)'

2018-09-10 22:32:42 - [TEST_STEP][PASSED] - click: Object: 'Object Repository/Page_Magento Admin/button_Sign in' is clicked on

2018-09-10 22:32:47 - [MESSAGE][PASSED] - Object: 'Object Repository/Page_Magento Admin/button_Sign in' is clicked on

2018-09-10 22:32:47 - [TEST_STEP][PASSED] - delay: Delayed 1 second(s)

2018-09-10 22:32:48 - [MESSAGE][PASSED] - Delayed 1 second(s)

2018-09-10 22:32:48 - [TEST_STEP][PASSED] - click: Object: 'Object Repository/Page_Dashboard  Magento Admin/a_Marketplace' is clicked on

2018-09-10 22:32:48 - [MESSAGE][PASSED] - Object: 'Object Repository/Page_Dashboard  Magento Admin/a_Marketplace' is clicked on

2018-09-10 22:32:48 - [TEST_STEP][PASSED] - delay: Delayed 3 second(s)

2018-09-10 22:32:51 - [MESSAGE][PASSED] - Delayed 3 second(s)

2018-09-10 22:32:51 - [TEST_STEP][PASSED] - click: Object: 'Object Repository/Page_Dashboard  Magento Admin/a_Vendor Attributes' is clicked on

2018-09-10 22:32:54 - [MESSAGE][PASSED] - Object: 'Object Repository/Page_Dashboard  Magento Admin/a_Vendor Attributes' is clicked on

2018-09-10 22:32:54 - [TEST_STEP][PASSED] - setText: Text 'testattrib125' is set on object 'Object Repository/Page_Manage Vendor Attributes  Mana/input_Step Number_attribute_co'

2018-09-10 22:32:54 - [MESSAGE][PASSED] - Text 'testattrib125' is set on object 'Object Repository/Page_Manage Vendor Attributes  Mana/input_Step Number_attribute_co'

2018-09-10 22:32:54 - [TEST_STEP][PASSED] - click: Object: 'Object Repository/Page_Manage Vendor Attributes  Mana/button_Search' is clicked on

2018-09-10 22:32:56 - [MESSAGE][PASSED] - Object: 'Object Repository/Page_Manage Vendor Attributes  Mana/button_Search' is clicked on

2018-09-10 22:32:56 - [TEST_STEP][PASSED] - verifyElementPresent: Object 'Object Repository/Page_Manage Vendor Attributes  Mana/div_1' is present

2018-09-10 22:32:56 - [MESSAGE][WARNING] - Timeout '0' is invalid. Using default page load timeout: '10'

2018-09-10 22:32:56 - [MESSAGE][PASSED] - Object 'Object Repository/Page_Manage Vendor Attributes  Mana/div_1' is present

2018-09-10 22:32:56 - [TEST_STEP][PASSED] - closeBrowser: Browser is closed

2018-09-10 22:32:56 - [MESSAGE][PASSED] - Browser is closed]]></system-out>
         <system-err><![CDATA[]]></system-err>
      </testcase>
      <testcase name="Test Cases/VendorAttributeAddon/EditAttribute" classname="Test Cases/VendorAttributeAddon/EditAttribute" status="PASSED">
         <system-out><![CDATA[2018-09-10 22:32:56 - [TEST_CASE][PASSED] - Test Cases/VendorAttributeAddon/EditAttribute: Test Cases/VendorAttributeAddon/EditAttribute

2018-09-10 22:32:57 - [TEST_STEP][PASSED] - openBrowser: Browser is opened with url: ''

2018-09-10 22:32:59 - [MESSAGE][PASSED] - Browser is opened with url: ''

2018-09-10 22:32:59 - [TEST_STEP][PASSED] - maximizeWindow: Current window maximized

2018-09-10 22:33:00 - [MESSAGE][PASSED] - Current window maximized

2018-09-10 22:33:00 - [TEST_STEP][PASSED] - navigateToUrl: Navigate to 'http://46.101.72.110/admin_stage/admin/index/index/key/6179d2611c845079ec2ae3e70da4e0efdabf7e6cb1d29321cea6461333372126/' successfully

2018-09-10 22:33:10 - [MESSAGE][PASSED] - Navigate to 'http://46.101.72.110/admin_stage/admin/index/index/key/6179d2611c845079ec2ae3e70da4e0efdabf7e6cb1d29321cea6461333372126/' successfully

2018-09-10 22:33:10 - [TEST_STEP][PASSED] - setText: Text 'adminStage2' is set on object 'Object Repository/Page_Magento Admin/input_Username_loginusername (1)'

2018-09-10 22:33:10 - [MESSAGE][PASSED] - Text 'adminStage2' is set on object 'Object Repository/Page_Magento Admin/input_Username_loginusername (1)'

2018-09-10 22:33:10 - [TEST_STEP][PASSED] - setEncryptedText: Text ****** has been set on object 'Object Repository/Page_Magento Admin/input_Password_loginpassword (1)'

2018-09-10 22:33:10 - [MESSAGE][PASSED] - Text ****** has been set on object 'Object Repository/Page_Magento Admin/input_Password_loginpassword (1)'

2018-09-10 22:33:10 - [TEST_STEP][PASSED] - click: Object: 'Object Repository/Page_Magento Admin/button_Sign in' is clicked on

2018-09-10 22:33:15 - [MESSAGE][PASSED] - Object: 'Object Repository/Page_Magento Admin/button_Sign in' is clicked on

2018-09-10 22:33:15 - [TEST_STEP][PASSED] - delay: Delayed 1 second(s)

2018-09-10 22:33:16 - [MESSAGE][PASSED] - Delayed 1 second(s)

2018-09-10 22:33:16 - [TEST_STEP][PASSED] - click: Object: 'Object Repository/Page_Dashboard  Magento Admin/a_Marketplace' is clicked on

2018-09-10 22:33:16 - [MESSAGE][PASSED] - Object: 'Object Repository/Page_Dashboard  Magento Admin/a_Marketplace' is clicked on

2018-09-10 22:33:16 - [TEST_STEP][PASSED] - delay: Delayed 3 second(s)

2018-09-10 22:33:19 - [MESSAGE][PASSED] - Delayed 3 second(s)

2018-09-10 22:33:19 - [TEST_STEP][PASSED] - click: Object: 'Object Repository/Page_Dashboard  Magento Admin/a_Vendor Attributes' is clicked on

2018-09-10 22:33:21 - [MESSAGE][PASSED] - Object: 'Object Repository/Page_Dashboard  Magento Admin/a_Vendor Attributes' is clicked on

2018-09-10 22:33:21 - [TEST_STEP][PASSED] - setText: Text 'testattrib125' is set on object 'Object Repository/Page_Manage Vendor Attributes  Mana/input_Step Number_attribute_co'

2018-09-10 22:33:22 - [MESSAGE][PASSED] - Text 'testattrib125' is set on object 'Object Repository/Page_Manage Vendor Attributes  Mana/input_Step Number_attribute_co'

2018-09-10 22:33:22 - [TEST_STEP][PASSED] - click: Object: 'Object Repository/Page_Manage Vendor Attributes  Mana/button_Search' is clicked on

2018-09-10 22:33:23 - [MESSAGE][PASSED] - Object: 'Object Repository/Page_Manage Vendor Attributes  Mana/button_Search' is clicked on

2018-09-10 22:33:23 - [TEST_STEP][PASSED] - verifyElementPresent: Object 'Object Repository/Page_Manage Vendor Attributes  Mana/div_1' is present

2018-09-10 22:33:23 - [MESSAGE][WARNING] - Timeout '0' is invalid. Using default page load timeout: '10'

2018-09-10 22:33:23 - [MESSAGE][PASSED] - Object 'Object Repository/Page_Manage Vendor Attributes  Mana/div_1' is present

2018-09-10 22:33:23 - [TEST_STEP][PASSED] - click: Object: 'Object Repository/Page_Manage Vendor Attributes  Mana/td_testattrib125' is clicked on

2018-09-10 22:33:25 - [MESSAGE][PASSED] - Object: 'Object Repository/Page_Manage Vendor Attributes  Mana/td_testattrib125' is clicked on

2018-09-10 22:33:25 - [TEST_STEP][PASSED] - selectOptionByValue: All options with value '0' are selected in object 'Object Repository/Page_testattrib125  Product Attribu/select_YesNo'  using regular expression

2018-09-10 22:33:26 - [MESSAGE][PASSED] - All options with value '0' are selected in object 'Object Repository/Page_testattrib125  Product Attribu/select_YesNo'  using regular expression

2018-09-10 22:33:26 - [TEST_STEP][PASSED] - setText: Text '' is set on object 'Object Repository/Page_testattrib125  Product Attribu/textarea_test'

2018-09-10 22:33:26 - [MESSAGE][PASSED] - Text '' is set on object 'Object Repository/Page_testattrib125  Product Attribu/textarea_test'

2018-09-10 22:33:26 - [TEST_STEP][PASSED] - selectOptionByValue: All options with value '0' are selected in object 'Object Repository/Page_testattrib125  Product Attribu/select_YesNo_1'  using regular expression

2018-09-10 22:33:26 - [MESSAGE][PASSED] - All options with value '0' are selected in object 'Object Repository/Page_testattrib125  Product Attribu/select_YesNo_1'  using regular expression

2018-09-10 22:33:26 - [TEST_STEP][PASSED] - selectOptionByValue: All options with value '0' are selected in object 'Object Repository/Page_testattrib125  Product Attribu/select_YesNo_2'  using regular expression

2018-09-10 22:33:26 - [MESSAGE][PASSED] - All options with value '0' are selected in object 'Object Repository/Page_testattrib125  Product Attribu/select_YesNo_2'  using regular expression

2018-09-10 22:33:26 - [TEST_STEP][PASSED] - selectOptionByValue: All options with value '0' are selected in object 'Object Repository/Page_testattrib125  Product Attribu/select_YesNo_3'  using regular expression

2018-09-10 22:33:26 - [MESSAGE][PASSED] - All options with value '0' are selected in object 'Object Repository/Page_testattrib125  Product Attribu/select_YesNo_3'  using regular expression

2018-09-10 22:33:26 - [TEST_STEP][PASSED] - selectOptionByValue: All options with value '0' are selected in object 'Object Repository/Page_testattrib125  Product Attribu/select_YesNo_4'  using regular expression

2018-09-10 22:33:27 - [MESSAGE][PASSED] - All options with value '0' are selected in object 'Object Repository/Page_testattrib125  Product Attribu/select_YesNo_4'  using regular expression

2018-09-10 22:33:27 - [TEST_STEP][PASSED] - click: Object: 'Object Repository/Page_testattrib125  Product Attribu/button_Save Attribute' is clicked on

2018-09-10 22:33:27 - [MESSAGE][PASSED] - Object: 'Object Repository/Page_testattrib125  Product Attribu/button_Save Attribute' is clicked on

2018-09-10 22:33:27 - [TEST_STEP][PASSED] - delay: Delayed 1 second(s)

2018-09-10 22:33:28 - [MESSAGE][PASSED] - Delayed 1 second(s)

2018-09-10 22:33:28 - [TEST_STEP][PASSED] - verifyElementPresent: Object 'Object Repository/Page_Manage Vendor Attributes  Mana/div_You saved the vendor attri' is present

2018-09-10 22:33:28 - [MESSAGE][WARNING] - Timeout '0' is invalid. Using default page load timeout: '10'

2018-09-10 22:33:30 - [MESSAGE][PASSED] - Object 'Object Repository/Page_Manage Vendor Attributes  Mana/div_You saved the vendor attri' is present]]></system-out>
         <system-err><![CDATA[]]></system-err>
      </testcase>
      <testcase name="Test Cases/VendorAttributeAddon/DeleteAttribute" classname="Test Cases/VendorAttributeAddon/DeleteAttribute" status="FAILED">
         <failure type="FAILED" message="(Stack trace: com.kms.katalon.core.exception.StepFailedException: Unable to click on object 'Object Repository/Page_testattrib125  Product Attribu/button_OK' (Root cause: org.openqa.selenium.WebDriverException: unknown error: Element &lt;button class=&quot;action-primary action-accept&quot; type=&quot;button&quot; data-role=&quot;action&quot;>...&lt;/button> is not clickable at point (1284, 95). Other element would receive the click: &lt;footer class=&quot;modal-footer&quot;>...&lt;/footer>
  (Session info: chrome=68.0.3440.106)
  (Driver info: chromedriver=2.35.528161 (5b82f2d2aae0ca24b877009200ced9065a772e73),platform=Windows NT 10.0.17134 x86_64) (WARNING: The server did not provide any stacktrace information)
Command duration or timeout: 0 milliseconds
Build info: version: '3.7.1', revision: '8a0099a', time: '2017-11-06T21:07:36.161Z'
System info: host: 'DESKTOP-5HHLDMN', ip: '192.168.8.100', os.name: 'Windows 10', os.arch: 'amd64', os.version: '10.0', java.version: '1.8.0_181'
Driver info: com.kms.katalon.selenium.driver.CChromeDriver
Capabilities {acceptInsecureCerts: false, acceptSslCerts: false, applicationCacheEnabled: false, browserConnectionEnabled: false, browserName: chrome, chrome: {chromedriverVersion: 2.35.528161 (5b82f2d2aae0ca..., userDataDir: C:\Users\User\AppData\Local...}, cssSelectorsEnabled: true, databaseEnabled: false, handlesAlerts: true, hasTouchScreen: false, javascriptEnabled: true, locationContextEnabled: true, mobileEmulationEnabled: false, nativeEvents: true, networkConnectionEnabled: false, pageLoadStrategy: normal, platform: XP, platformName: XP, rotatable: false, setWindowRect: true, takesHeapSnapshot: true, takesScreenshot: true, unexpectedAlertBehaviour: , unhandledPromptBehavior: , version: 68.0.3440.106, webStorageEnabled: true}
Session ID: faa235dda80135f788c2200088ce6df9)
	at com.kms.katalon.core.keyword.internal.KeywordMain.stepFailed(KeywordMain.groovy:36)
	at com.kms.katalon.core.webui.keyword.internal.WebUIKeywordMain.stepFailed(WebUIKeywordMain.groovy:65)
	at com.kms.katalon.core.webui.keyword.internal.WebUIKeywordMain.runKeyword(WebUIKeywordMain.groovy:27)
	at com.kms.katalon.core.webui.keyword.builtin.ClickKeyword.click(ClickKeyword.groovy:86)
	at com.kms.katalon.core.webui.keyword.builtin.ClickKeyword.execute(ClickKeyword.groovy:67)
	at com.kms.katalon.core.keyword.internal.KeywordExecutor.executeKeywordForPlatform(KeywordExecutor.groovy:53)
	at com.kms.katalon.core.webui.keyword.WebUiBuiltInKeywords.click(WebUiBuiltInKeywords.groovy:616)
	at com.kms.katalon.core.webui.keyword.WebUiBuiltInKeywords$click$4.call(Unknown Source)
	at org.codehaus.groovy.runtime.callsite.CallSiteArray.defaultCall(CallSiteArray.java:48)
	at org.codehaus.groovy.runtime.callsite.AbstractCallSite.call(AbstractCallSite.java:113)
	at org.codehaus.groovy.runtime.callsite.AbstractCallSite.call(AbstractCallSite.java:125)
	at Script1536586720962.run(Script1536586720962.groovy:47)
	at com.kms.katalon.core.main.ScriptEngine.run(ScriptEngine.java:183)
	at com.kms.katalon.core.main.ScriptEngine.runScriptAsRawText(ScriptEngine.java:108)
	at com.kms.katalon.core.main.TestCaseExecutor.runScript(TestCaseExecutor.java:294)
	at com.kms.katalon.core.main.TestCaseExecutor.doExecute(TestCaseExecutor.java:285)
	at com.kms.katalon.core.main.TestCaseExecutor.processExecutionPhase(TestCaseExecutor.java:264)
	at com.kms.katalon.core.main.TestCaseExecutor.accessMainPhase(TestCaseExecutor.java:256)
	at com.kms.katalon.core.main.TestCaseExecutor.execute(TestCaseExecutor.java:200)
	at com.kms.katalon.core.main.TestSuiteExecutor.accessTestCaseMainPhase(TestSuiteExecutor.java:129)
	at com.kms.katalon.core.main.TestSuiteExecutor.accessTestSuiteMainPhase(TestSuiteExecutor.java:112)
	at com.kms.katalon.core.main.TestSuiteExecutor.execute(TestSuiteExecutor.java:81)
	at com.kms.katalon.core.main.TestCaseMain.startTestSuite(TestCaseMain.java:142)
	at com.kms.katalon.core.main.TestCaseMain$startTestSuite$0.call(Unknown Source)
	at org.codehaus.groovy.runtime.callsite.CallSiteArray.defaultCall(CallSiteArray.java:48)
	at org.codehaus.groovy.runtime.callsite.AbstractCallSite.call(AbstractCallSite.java:113)
	at org.codehaus.groovy.runtime.callsite.AbstractCallSite.call(AbstractCallSite.java:141)
	at TempTestSuite1536589916993.run(TempTestSuite1536589916993.groovy:36)
	at groovy.lang.GroovyShell.runScriptOrMainOrTestOrRunnable(GroovyShell.java:263)
	at groovy.lang.GroovyShell.run(GroovyShell.java:518)
	at groovy.lang.GroovyShell.run(GroovyShell.java:507)
	at groovy.ui.GroovyMain.processOnce(GroovyMain.java:653)
	at groovy.ui.GroovyMain.run(GroovyMain.java:384)
	at groovy.ui.GroovyMain.process(GroovyMain.java:370)
	at groovy.ui.GroovyMain.processArgs(GroovyMain.java:129)
	at groovy.ui.GroovyMain.main(GroovyMain.java:109)
	at sun.reflect.NativeMethodAccessorImpl.invoke0(Native Method)
	at sun.reflect.NativeMethodAccessorImpl.invoke(NativeMethodAccessorImpl.java:62)
	at sun.reflect.DelegatingMethodAccessorImpl.invoke(DelegatingMethodAccessorImpl.java:43)
	at java.lang.reflect.Method.invoke(Method.java:498)
	at org.codehaus.groovy.tools.GroovyStarter.rootLoader(GroovyStarter.java:109)
	at org.codehaus.groovy.tools.GroovyStarter.main(GroovyStarter.java:131)
)"/>
         <system-out><![CDATA[2018-09-10 22:33:30 - [TEST_CASE][FAILED] - Test Cases/VendorAttributeAddon/DeleteAttribute: Test Cases/VendorAttributeAddon/DeleteAttribute FAILED because (of) (Stack trace: com.kms.katalon.core.exception.StepFailedException: Unable to click on object 'Object Repository/Page_testattrib125  Product Attribu/button_OK' (Root cause: org.openqa.selenium.WebDriverException: unknown error: Element <button class="action-primary action-accept" type="button" data-role="action">...</button> is not clickable at point (1284, 95). Other element would receive the click: <footer class="modal-footer">...</footer>
  (Session info: chrome=68.0.3440.106)
  (Driver info: chromedriver=2.35.528161 (5b82f2d2aae0ca24b877009200ced9065a772e73),platform=Windows NT 10.0.17134 x86_64) (WARNING: The server did not provide any stacktrace information)
Command duration or timeout: 0 milliseconds
Build info: version: '3.7.1', revision: '8a0099a', time: '2017-11-06T21:07:36.161Z'
System info: host: 'DESKTOP-5HHLDMN', ip: '192.168.8.100', os.name: 'Windows 10', os.arch: 'amd64', os.version: '10.0', java.version: '1.8.0_181'
Driver info: com.kms.katalon.selenium.driver.CChromeDriver
Capabilities {acceptInsecureCerts: false, acceptSslCerts: false, applicationCacheEnabled: false, browserConnectionEnabled: false, browserName: chrome, chrome: {chromedriverVersion: 2.35.528161 (5b82f2d2aae0ca..., userDataDir: C:\Users\User\AppData\Local...}, cssSelectorsEnabled: true, databaseEnabled: false, handlesAlerts: true, hasTouchScreen: false, javascriptEnabled: true, locationContextEnabled: true, mobileEmulationEnabled: false, nativeEvents: true, networkConnectionEnabled: false, pageLoadStrategy: normal, platform: XP, platformName: XP, rotatable: false, setWindowRect: true, takesHeapSnapshot: true, takesScreenshot: true, unexpectedAlertBehaviour: , unhandledPromptBehavior: , version: 68.0.3440.106, webStorageEnabled: true}
Session ID: faa235dda80135f788c2200088ce6df9)
	at com.kms.katalon.core.keyword.internal.KeywordMain.stepFailed(KeywordMain.groovy:36)
	at com.kms.katalon.core.webui.keyword.internal.WebUIKeywordMain.stepFailed(WebUIKeywordMain.groovy:65)
	at com.kms.katalon.core.webui.keyword.internal.WebUIKeywordMain.runKeyword(WebUIKeywordMain.groovy:27)
	at com.kms.katalon.core.webui.keyword.builtin.ClickKeyword.click(ClickKeyword.groovy:86)
	at com.kms.katalon.core.webui.keyword.builtin.ClickKeyword.execute(ClickKeyword.groovy:67)
	at com.kms.katalon.core.keyword.internal.KeywordExecutor.executeKeywordForPlatform(KeywordExecutor.groovy:53)
	at com.kms.katalon.core.webui.keyword.WebUiBuiltInKeywords.click(WebUiBuiltInKeywords.groovy:616)
	at com.kms.katalon.core.webui.keyword.WebUiBuiltInKeywords$click$4.call(Unknown Source)
	at org.codehaus.groovy.runtime.callsite.CallSiteArray.defaultCall(CallSiteArray.java:48)
	at org.codehaus.groovy.runtime.callsite.AbstractCallSite.call(AbstractCallSite.java:113)
	at org.codehaus.groovy.runtime.callsite.AbstractCallSite.call(AbstractCallSite.java:125)
	at Script1536586720962.run(Script1536586720962.groovy:47)
	at com.kms.katalon.core.main.ScriptEngine.run(ScriptEngine.java:183)
	at com.kms.katalon.core.main.ScriptEngine.runScriptAsRawText(ScriptEngine.java:108)
	at com.kms.katalon.core.main.TestCaseExecutor.runScript(TestCaseExecutor.java:294)
	at com.kms.katalon.core.main.TestCaseExecutor.doExecute(TestCaseExecutor.java:285)
	at com.kms.katalon.core.main.TestCaseExecutor.processExecutionPhase(TestCaseExecutor.java:264)
	at com.kms.katalon.core.main.TestCaseExecutor.accessMainPhase(TestCaseExecutor.java:256)
	at com.kms.katalon.core.main.TestCaseExecutor.execute(TestCaseExecutor.java:200)
	at com.kms.katalon.core.main.TestSuiteExecutor.accessTestCaseMainPhase(TestSuiteExecutor.java:129)
	at com.kms.katalon.core.main.TestSuiteExecutor.accessTestSuiteMainPhase(TestSuiteExecutor.java:112)
	at com.kms.katalon.core.main.TestSuiteExecutor.execute(TestSuiteExecutor.java:81)
	at com.kms.katalon.core.main.TestCaseMain.startTestSuite(TestCaseMain.java:142)
	at com.kms.katalon.core.main.TestCaseMain$startTestSuite$0.call(Unknown Source)
	at org.codehaus.groovy.runtime.callsite.CallSiteArray.defaultCall(CallSiteArray.java:48)
	at org.codehaus.groovy.runtime.callsite.AbstractCallSite.call(AbstractCallSite.java:113)
	at org.codehaus.groovy.runtime.callsite.AbstractCallSite.call(AbstractCallSite.java:141)
	at TempTestSuite1536589916993.run(TempTestSuite1536589916993.groovy:36)
	at groovy.lang.GroovyShell.runScriptOrMainOrTestOrRunnable(GroovyShell.java:263)
	at groovy.lang.GroovyShell.run(GroovyShell.java:518)
	at groovy.lang.GroovyShell.run(GroovyShell.java:507)
	at groovy.ui.GroovyMain.processOnce(GroovyMain.java:653)
	at groovy.ui.GroovyMain.run(GroovyMain.java:384)
	at groovy.ui.GroovyMain.process(GroovyMain.java:370)
	at groovy.ui.GroovyMain.processArgs(GroovyMain.java:129)
	at groovy.ui.GroovyMain.main(GroovyMain.java:109)
	at sun.reflect.NativeMethodAccessorImpl.invoke0(Native Method)
	at sun.reflect.NativeMethodAccessorImpl.invoke(NativeMethodAccessorImpl.java:62)
	at sun.reflect.DelegatingMethodAccessorImpl.invoke(DelegatingMethodAccessorImpl.java:43)
	at java.lang.reflect.Method.invoke(Method.java:498)
	at org.codehaus.groovy.tools.GroovyStarter.rootLoader(GroovyStarter.java:109)
	at org.codehaus.groovy.tools.GroovyStarter.main(GroovyStarter.java:131)
)

2018-09-10 22:33:30 - [TEST_STEP][PASSED] - openBrowser: Browser is opened with url: ''

2018-09-10 22:33:30 - [MESSAGE][WARNING] - A browser is already opened. Closing browser and opening a new one

2018-09-10 22:33:33 - [MESSAGE][PASSED] - Browser is opened with url: ''

2018-09-10 22:33:33 - [TEST_STEP][PASSED] - maximizeWindow: Current window maximized

2018-09-10 22:33:34 - [MESSAGE][PASSED] - Current window maximized

2018-09-10 22:33:34 - [TEST_STEP][PASSED] - navigateToUrl: Navigate to 'http://46.101.72.110/admin_stage/admin/index/index/key/6179d2611c845079ec2ae3e70da4e0efdabf7e6cb1d29321cea6461333372126/' successfully

2018-09-10 22:33:46 - [MESSAGE][PASSED] - Navigate to 'http://46.101.72.110/admin_stage/admin/index/index/key/6179d2611c845079ec2ae3e70da4e0efdabf7e6cb1d29321cea6461333372126/' successfully

2018-09-10 22:33:46 - [TEST_STEP][PASSED] - setText: Text 'adminStage2' is set on object 'Object Repository/Page_Magento Admin/input_Username_loginusername (1)'

2018-09-10 22:33:46 - [MESSAGE][PASSED] - Text 'adminStage2' is set on object 'Object Repository/Page_Magento Admin/input_Username_loginusername (1)'

2018-09-10 22:33:46 - [TEST_STEP][PASSED] - setEncryptedText: Text ****** has been set on object 'Object Repository/Page_Magento Admin/input_Password_loginpassword (1)'

2018-09-10 22:33:46 - [MESSAGE][PASSED] - Text ****** has been set on object 'Object Repository/Page_Magento Admin/input_Password_loginpassword (1)'

2018-09-10 22:33:46 - [TEST_STEP][PASSED] - click: Object: 'Object Repository/Page_Magento Admin/button_Sign in' is clicked on

2018-09-10 22:33:54 - [MESSAGE][PASSED] - Object: 'Object Repository/Page_Magento Admin/button_Sign in' is clicked on

2018-09-10 22:33:54 - [TEST_STEP][PASSED] - delay: Delayed 1 second(s)

2018-09-10 22:33:55 - [MESSAGE][PASSED] - Delayed 1 second(s)

2018-09-10 22:33:55 - [TEST_STEP][PASSED] - click: Object: 'Object Repository/Page_Dashboard  Magento Admin/a_Marketplace' is clicked on

2018-09-10 22:33:55 - [MESSAGE][PASSED] - Object: 'Object Repository/Page_Dashboard  Magento Admin/a_Marketplace' is clicked on

2018-09-10 22:33:55 - [TEST_STEP][PASSED] - delay: Delayed 3 second(s)

2018-09-10 22:33:58 - [MESSAGE][PASSED] - Delayed 3 second(s)

2018-09-10 22:33:58 - [TEST_STEP][PASSED] - click: Object: 'Object Repository/Page_Dashboard  Magento Admin/a_Vendor Attributes' is clicked on

2018-09-10 22:34:02 - [MESSAGE][PASSED] - Object: 'Object Repository/Page_Dashboard  Magento Admin/a_Vendor Attributes' is clicked on

2018-09-10 22:34:02 - [TEST_STEP][PASSED] - setText: Text 'testattrib125' is set on object 'Object Repository/Page_Manage Vendor Attributes  Mana/input_Step Number_attribute_co (1)'

2018-09-10 22:34:02 - [MESSAGE][PASSED] - Text 'testattrib125' is set on object 'Object Repository/Page_Manage Vendor Attributes  Mana/input_Step Number_attribute_co (1)'

2018-09-10 22:34:02 - [TEST_STEP][PASSED] - click: Object: 'Object Repository/Page_Manage Vendor Attributes  Mana/button_Search (1)' is clicked on

2018-09-10 22:34:04 - [MESSAGE][PASSED] - Object: 'Object Repository/Page_Manage Vendor Attributes  Mana/button_Search (1)' is clicked on

2018-09-10 22:34:04 - [TEST_STEP][PASSED] - verifyElementPresent: Object 'Object Repository/Page_Manage Vendor Attributes  Mana/div_1 (1)' is present

2018-09-10 22:34:04 - [MESSAGE][WARNING] - Timeout '0' is invalid. Using default page load timeout: '10'

2018-09-10 22:34:04 - [MESSAGE][PASSED] - Object 'Object Repository/Page_Manage Vendor Attributes  Mana/div_1 (1)' is present

2018-09-10 22:34:04 - [TEST_STEP][PASSED] - click: Object: 'Object Repository/Page_Manage Vendor Attributes  Mana/td_testattrib125 (1)' is clicked on

2018-09-10 22:34:07 - [MESSAGE][PASSED] - Object: 'Object Repository/Page_Manage Vendor Attributes  Mana/td_testattrib125 (1)' is clicked on

2018-09-10 22:34:07 - [TEST_STEP][PASSED] - click: Object: 'Object Repository/Page_testattrib125  Product Attribu/span_Delete Attribute' is clicked on

2018-09-10 22:34:07 - [MESSAGE][PASSED] - Object: 'Object Repository/Page_testattrib125  Product Attribu/span_Delete Attribute' is clicked on

2018-09-10 22:34:07 - [TEST_STEP][FAILED] - click: Unable to click on object 'Object Repository/Page_testattrib125  Product Attribu/button_OK' (Root cause: org.openqa.selenium.WebDriverException: unknown error: Element <button class="action-primary action-accept" type="button" data-role="action">...</button> is not clickable at point (1284, 95). Other element would receive the click: <footer class="modal-footer">...</footer>
  (Session info: chrome=68.0.3440.106)
  (Driver info: chromedriver=2.35.528161 (5b82f2d2aae0ca24b877009200ced9065a772e73),platform=Windows NT 10.0.17134 x86_64) (WARNING: The server did not provide any stacktrace information)
Command duration or timeout: 0 milliseconds
Build info: version: '3.7.1', revision: '8a0099a', time: '2017-11-06T21:07:36.161Z'
System info: host: 'DESKTOP-5HHLDMN', ip: '192.168.8.100', os.name: 'Windows 10', os.arch: 'amd64', os.version: '10.0', java.version: '1.8.0_181'
Driver info: com.kms.katalon.selenium.driver.CChromeDriver
Capabilities {acceptInsecureCerts: false, acceptSslCerts: false, applicationCacheEnabled: false, browserConnectionEnabled: false, browserName: chrome, chrome: {chromedriverVersion: 2.35.528161 (5b82f2d2aae0ca..., userDataDir: C:\Users\User\AppData\Local...}, cssSelectorsEnabled: true, databaseEnabled: false, handlesAlerts: true, hasTouchScreen: false, javascriptEnabled: true, locationContextEnabled: true, mobileEmulationEnabled: false, nativeEvents: true, networkConnectionEnabled: false, pageLoadStrategy: normal, platform: XP, platformName: XP, rotatable: false, setWindowRect: true, takesHeapSnapshot: true, takesScreenshot: true, unexpectedAlertBehaviour: , unhandledPromptBehavior: , version: 68.0.3440.106, webStorageEnabled: true}
Session ID: faa235dda80135f788c2200088ce6df9)

2018-09-10 22:34:08 - [MESSAGE][FAILED] - Unable to click on object 'Object Repository/Page_testattrib125  Product Attribu/button_OK' (Root cause: org.openqa.selenium.WebDriverException: unknown error: Element <button class="action-primary action-accept" type="button" data-role="action">...</button> is not clickable at point (1284, 95). Other element would receive the click: <footer class="modal-footer">...</footer>
  (Session info: chrome=68.0.3440.106)
  (Driver info: chromedriver=2.35.528161 (5b82f2d2aae0ca24b877009200ced9065a772e73),platform=Windows NT 10.0.17134 x86_64) (WARNING: The server did not provide any stacktrace information)
Command duration or timeout: 0 milliseconds
Build info: version: '3.7.1', revision: '8a0099a', time: '2017-11-06T21:07:36.161Z'
System info: host: 'DESKTOP-5HHLDMN', ip: '192.168.8.100', os.name: 'Windows 10', os.arch: 'amd64', os.version: '10.0', java.version: '1.8.0_181'
Driver info: com.kms.katalon.selenium.driver.CChromeDriver
Capabilities {acceptInsecureCerts: false, acceptSslCerts: false, applicationCacheEnabled: false, browserConnectionEnabled: false, browserName: chrome, chrome: {chromedriverVersion: 2.35.528161 (5b82f2d2aae0ca..., userDataDir: C:\Users\User\AppData\Local...}, cssSelectorsEnabled: true, databaseEnabled: false, handlesAlerts: true, hasTouchScreen: false, javascriptEnabled: true, locationContextEnabled: true, mobileEmulationEnabled: false, nativeEvents: true, networkConnectionEnabled: false, pageLoadStrategy: normal, platform: XP, platformName: XP, rotatable: false, setWindowRect: true, takesHeapSnapshot: true, takesScreenshot: true, unexpectedAlertBehaviour: , unhandledPromptBehavior: , version: 68.0.3440.106, webStorageEnabled: true}
Session ID: faa235dda80135f788c2200088ce6df9)
[[ATTACHMENT|C:\\Users\\User\\Katalon Studio\\addonTestAutomation\\Reports\\VendorAttributeAddon\\20180910_223156\\1536590047713.png]]]]></system-out>
         <system-err><![CDATA[2018-09-10 22:33:30 - [TEST_CASE][FAILED] - Test Cases/VendorAttributeAddon/DeleteAttribute: Test Cases/VendorAttributeAddon/DeleteAttribute FAILED because (of) (Stack trace: com.kms.katalon.core.exception.StepFailedException: Unable to click on object 'Object Repository/Page_testattrib125  Product Attribu/button_OK' (Root cause: org.openqa.selenium.WebDriverException: unknown error: Element <button class="action-primary action-accept" type="button" data-role="action">...</button> is not clickable at point (1284, 95). Other element would receive the click: <footer class="modal-footer">...</footer>
  (Session info: chrome=68.0.3440.106)
  (Driver info: chromedriver=2.35.528161 (5b82f2d2aae0ca24b877009200ced9065a772e73),platform=Windows NT 10.0.17134 x86_64) (WARNING: The server did not provide any stacktrace information)
Command duration or timeout: 0 milliseconds
Build info: version: '3.7.1', revision: '8a0099a', time: '2017-11-06T21:07:36.161Z'
System info: host: 'DESKTOP-5HHLDMN', ip: '192.168.8.100', os.name: 'Windows 10', os.arch: 'amd64', os.version: '10.0', java.version: '1.8.0_181'
Driver info: com.kms.katalon.selenium.driver.CChromeDriver
Capabilities {acceptInsecureCerts: false, acceptSslCerts: false, applicationCacheEnabled: false, browserConnectionEnabled: false, browserName: chrome, chrome: {chromedriverVersion: 2.35.528161 (5b82f2d2aae0ca..., userDataDir: C:\Users\User\AppData\Local...}, cssSelectorsEnabled: true, databaseEnabled: false, handlesAlerts: true, hasTouchScreen: false, javascriptEnabled: true, locationContextEnabled: true, mobileEmulationEnabled: false, nativeEvents: true, networkConnectionEnabled: false, pageLoadStrategy: normal, platform: XP, platformName: XP, rotatable: false, setWindowRect: true, takesHeapSnapshot: true, takesScreenshot: true, unexpectedAlertBehaviour: , unhandledPromptBehavior: , version: 68.0.3440.106, webStorageEnabled: true}
Session ID: faa235dda80135f788c2200088ce6df9)
	at com.kms.katalon.core.keyword.internal.KeywordMain.stepFailed(KeywordMain.groovy:36)
	at com.kms.katalon.core.webui.keyword.internal.WebUIKeywordMain.stepFailed(WebUIKeywordMain.groovy:65)
	at com.kms.katalon.core.webui.keyword.internal.WebUIKeywordMain.runKeyword(WebUIKeywordMain.groovy:27)
	at com.kms.katalon.core.webui.keyword.builtin.ClickKeyword.click(ClickKeyword.groovy:86)
	at com.kms.katalon.core.webui.keyword.builtin.ClickKeyword.execute(ClickKeyword.groovy:67)
	at com.kms.katalon.core.keyword.internal.KeywordExecutor.executeKeywordForPlatform(KeywordExecutor.groovy:53)
	at com.kms.katalon.core.webui.keyword.WebUiBuiltInKeywords.click(WebUiBuiltInKeywords.groovy:616)
	at com.kms.katalon.core.webui.keyword.WebUiBuiltInKeywords$click$4.call(Unknown Source)
	at org.codehaus.groovy.runtime.callsite.CallSiteArray.defaultCall(CallSiteArray.java:48)
	at org.codehaus.groovy.runtime.callsite.AbstractCallSite.call(AbstractCallSite.java:113)
	at org.codehaus.groovy.runtime.callsite.AbstractCallSite.call(AbstractCallSite.java:125)
	at Script1536586720962.run(Script1536586720962.groovy:47)
	at com.kms.katalon.core.main.ScriptEngine.run(ScriptEngine.java:183)
	at com.kms.katalon.core.main.ScriptEngine.runScriptAsRawText(ScriptEngine.java:108)
	at com.kms.katalon.core.main.TestCaseExecutor.runScript(TestCaseExecutor.java:294)
	at com.kms.katalon.core.main.TestCaseExecutor.doExecute(TestCaseExecutor.java:285)
	at com.kms.katalon.core.main.TestCaseExecutor.processExecutionPhase(TestCaseExecutor.java:264)
	at com.kms.katalon.core.main.TestCaseExecutor.accessMainPhase(TestCaseExecutor.java:256)
	at com.kms.katalon.core.main.TestCaseExecutor.execute(TestCaseExecutor.java:200)
	at com.kms.katalon.core.main.TestSuiteExecutor.accessTestCaseMainPhase(TestSuiteExecutor.java:129)
	at com.kms.katalon.core.main.TestSuiteExecutor.accessTestSuiteMainPhase(TestSuiteExecutor.java:112)
	at com.kms.katalon.core.main.TestSuiteExecutor.execute(TestSuiteExecutor.java:81)
	at com.kms.katalon.core.main.TestCaseMain.startTestSuite(TestCaseMain.java:142)
	at com.kms.katalon.core.main.TestCaseMain$startTestSuite$0.call(Unknown Source)
	at org.codehaus.groovy.runtime.callsite.CallSiteArray.defaultCall(CallSiteArray.java:48)
	at org.codehaus.groovy.runtime.callsite.AbstractCallSite.call(AbstractCallSite.java:113)
	at org.codehaus.groovy.runtime.callsite.AbstractCallSite.call(AbstractCallSite.java:141)
	at TempTestSuite1536589916993.run(TempTestSuite1536589916993.groovy:36)
	at groovy.lang.GroovyShell.runScriptOrMainOrTestOrRunnable(GroovyShell.java:263)
	at groovy.lang.GroovyShell.run(GroovyShell.java:518)
	at groovy.lang.GroovyShell.run(GroovyShell.java:507)
	at groovy.ui.GroovyMain.processOnce(GroovyMain.java:653)
	at groovy.ui.GroovyMain.run(GroovyMain.java:384)
	at groovy.ui.GroovyMain.process(GroovyMain.java:370)
	at groovy.ui.GroovyMain.processArgs(GroovyMain.java:129)
	at groovy.ui.GroovyMain.main(GroovyMain.java:109)
	at sun.reflect.NativeMethodAccessorImpl.invoke0(Native Method)
	at sun.reflect.NativeMethodAccessorImpl.invoke(NativeMethodAccessorImpl.java:62)
	at sun.reflect.DelegatingMethodAccessorImpl.invoke(DelegatingMethodAccessorImpl.java:43)
	at java.lang.reflect.Method.invoke(Method.java:498)
	at org.codehaus.groovy.tools.GroovyStarter.rootLoader(GroovyStarter.java:109)
	at org.codehaus.groovy.tools.GroovyStarter.main(GroovyStarter.java:131)
)]]></system-err>
      </testcase>
      <system-out><![CDATA[2018-09-10 22:31:59 - [TEST_SUITE][FAILED] - VendorAttributeAddon: Test Cases/VendorAttributeAddon/DeleteAttribute FAILED because (of) (Stack trace: com.kms.katalon.core.exception.StepFailedException: Unable to click on object 'Object Repository/Page_testattrib125  Product Attribu/button_OK' (Root cause: org.openqa.selenium.WebDriverException: unknown error: Element <button class="action-primary action-accept" type="button" data-role="action">...</button> is not clickable at point (1284, 95). Other element would receive the click: <footer class="modal-footer">...</footer>
  (Session info: chrome=68.0.3440.106)
  (Driver info: chromedriver=2.35.528161 (5b82f2d2aae0ca24b877009200ced9065a772e73),platform=Windows NT 10.0.17134 x86_64) (WARNING: The server did not provide any stacktrace information)
Command duration or timeout: 0 milliseconds
Build info: version: '3.7.1', revision: '8a0099a', time: '2017-11-06T21:07:36.161Z'
System info: host: 'DESKTOP-5HHLDMN', ip: '192.168.8.100', os.name: 'Windows 10', os.arch: 'amd64', os.version: '10.0', java.version: '1.8.0_181'
Driver info: com.kms.katalon.selenium.driver.CChromeDriver
Capabilities {acceptInsecureCerts: false, acceptSslCerts: false, applicationCacheEnabled: false, browserConnectionEnabled: false, browserName: chrome, chrome: {chromedriverVersion: 2.35.528161 (5b82f2d2aae0ca..., userDataDir: C:\Users\User\AppData\Local...}, cssSelectorsEnabled: true, databaseEnabled: false, handlesAlerts: true, hasTouchScreen: false, javascriptEnabled: true, locationContextEnabled: true, mobileEmulationEnabled: false, nativeEvents: true, networkConnectionEnabled: false, pageLoadStrategy: normal, platform: XP, platformName: XP, rotatable: false, setWindowRect: true, takesHeapSnapshot: true, takesScreenshot: true, unexpectedAlertBehaviour: , unhandledPromptBehavior: , version: 68.0.3440.106, webStorageEnabled: true}
Session ID: faa235dda80135f788c2200088ce6df9)
	at com.kms.katalon.core.keyword.internal.KeywordMain.stepFailed(KeywordMain.groovy:36)
	at com.kms.katalon.core.webui.keyword.internal.WebUIKeywordMain.stepFailed(WebUIKeywordMain.groovy:65)
	at com.kms.katalon.core.webui.keyword.internal.WebUIKeywordMain.runKeyword(WebUIKeywordMain.groovy:27)
	at com.kms.katalon.core.webui.keyword.builtin.ClickKeyword.click(ClickKeyword.groovy:86)
	at com.kms.katalon.core.webui.keyword.builtin.ClickKeyword.execute(ClickKeyword.groovy:67)
	at com.kms.katalon.core.keyword.internal.KeywordExecutor.executeKeywordForPlatform(KeywordExecutor.groovy:53)
	at com.kms.katalon.core.webui.keyword.WebUiBuiltInKeywords.click(WebUiBuiltInKeywords.groovy:616)
	at com.kms.katalon.core.webui.keyword.WebUiBuiltInKeywords$click$4.call(Unknown Source)
	at org.codehaus.groovy.runtime.callsite.CallSiteArray.defaultCall(CallSiteArray.java:48)
	at org.codehaus.groovy.runtime.callsite.AbstractCallSite.call(AbstractCallSite.java:113)
	at org.codehaus.groovy.runtime.callsite.AbstractCallSite.call(AbstractCallSite.java:125)
	at Script1536586720962.run(Script1536586720962.groovy:47)
	at com.kms.katalon.core.main.ScriptEngine.run(ScriptEngine.java:183)
	at com.kms.katalon.core.main.ScriptEngine.runScriptAsRawText(ScriptEngine.java:108)
	at com.kms.katalon.core.main.TestCaseExecutor.runScript(TestCaseExecutor.java:294)
	at com.kms.katalon.core.main.TestCaseExecutor.doExecute(TestCaseExecutor.java:285)
	at com.kms.katalon.core.main.TestCaseExecutor.processExecutionPhase(TestCaseExecutor.java:264)
	at com.kms.katalon.core.main.TestCaseExecutor.accessMainPhase(TestCaseExecutor.java:256)
	at com.kms.katalon.core.main.TestCaseExecutor.execute(TestCaseExecutor.java:200)
	at com.kms.katalon.core.main.TestSuiteExecutor.accessTestCaseMainPhase(TestSuiteExecutor.java:129)
	at com.kms.katalon.core.main.TestSuiteExecutor.accessTestSuiteMainPhase(TestSuiteExecutor.java:112)
	at com.kms.katalon.core.main.TestSuiteExecutor.execute(TestSuiteExecutor.java:81)
	at com.kms.katalon.core.main.TestCaseMain.startTestSuite(TestCaseMain.java:142)
	at com.kms.katalon.core.main.TestCaseMain$startTestSuite$0.call(Unknown Source)
	at org.codehaus.groovy.runtime.callsite.CallSiteArray.defaultCall(CallSiteArray.java:48)
	at org.codehaus.groovy.runtime.callsite.AbstractCallSite.call(AbstractCallSite.java:113)
	at org.codehaus.groovy.runtime.callsite.AbstractCallSite.call(AbstractCallSite.java:141)
	at TempTestSuite1536589916993.run(TempTestSuite1536589916993.groovy:36)
	at groovy.lang.GroovyShell.runScriptOrMainOrTestOrRunnable(GroovyShell.java:263)
	at groovy.lang.GroovyShell.run(GroovyShell.java:518)
	at groovy.lang.GroovyShell.run(GroovyShell.java:507)
	at groovy.ui.GroovyMain.processOnce(GroovyMain.java:653)
	at groovy.ui.GroovyMain.run(GroovyMain.java:384)
	at groovy.ui.GroovyMain.process(GroovyMain.java:370)
	at groovy.ui.GroovyMain.processArgs(GroovyMain.java:129)
	at groovy.ui.GroovyMain.main(GroovyMain.java:109)
	at sun.reflect.NativeMethodAccessorImpl.invoke0(Native Method)
	at sun.reflect.NativeMethodAccessorImpl.invoke(NativeMethodAccessorImpl.java:62)
	at sun.reflect.DelegatingMethodAccessorImpl.invoke(DelegatingMethodAccessorImpl.java:43)
	at java.lang.reflect.Method.invoke(Method.java:498)
	at org.codehaus.groovy.tools.GroovyStarter.rootLoader(GroovyStarter.java:109)
	at org.codehaus.groovy.tools.GroovyStarter.main(GroovyStarter.java:131)
)]]></system-out>
      <system-err><![CDATA[2018-09-10 22:31:59 - [TEST_SUITE][FAILED] - VendorAttributeAddon: Test Cases/VendorAttributeAddon/DeleteAttribute FAILED because (of) (Stack trace: com.kms.katalon.core.exception.StepFailedException: Unable to click on object 'Object Repository/Page_testattrib125  Product Attribu/button_OK' (Root cause: org.openqa.selenium.WebDriverException: unknown error: Element <button class="action-primary action-accept" type="button" data-role="action">...</button> is not clickable at point (1284, 95). Other element would receive the click: <footer class="modal-footer">...</footer>
  (Session info: chrome=68.0.3440.106)
  (Driver info: chromedriver=2.35.528161 (5b82f2d2aae0ca24b877009200ced9065a772e73),platform=Windows NT 10.0.17134 x86_64) (WARNING: The server did not provide any stacktrace information)
Command duration or timeout: 0 milliseconds
Build info: version: '3.7.1', revision: '8a0099a', time: '2017-11-06T21:07:36.161Z'
System info: host: 'DESKTOP-5HHLDMN', ip: '192.168.8.100', os.name: 'Windows 10', os.arch: 'amd64', os.version: '10.0', java.version: '1.8.0_181'
Driver info: com.kms.katalon.selenium.driver.CChromeDriver
Capabilities {acceptInsecureCerts: false, acceptSslCerts: false, applicationCacheEnabled: false, browserConnectionEnabled: false, browserName: chrome, chrome: {chromedriverVersion: 2.35.528161 (5b82f2d2aae0ca..., userDataDir: C:\Users\User\AppData\Local...}, cssSelectorsEnabled: true, databaseEnabled: false, handlesAlerts: true, hasTouchScreen: false, javascriptEnabled: true, locationContextEnabled: true, mobileEmulationEnabled: false, nativeEvents: true, networkConnectionEnabled: false, pageLoadStrategy: normal, platform: XP, platformName: XP, rotatable: false, setWindowRect: true, takesHeapSnapshot: true, takesScreenshot: true, unexpectedAlertBehaviour: , unhandledPromptBehavior: , version: 68.0.3440.106, webStorageEnabled: true}
Session ID: faa235dda80135f788c2200088ce6df9)
	at com.kms.katalon.core.keyword.internal.KeywordMain.stepFailed(KeywordMain.groovy:36)
	at com.kms.katalon.core.webui.keyword.internal.WebUIKeywordMain.stepFailed(WebUIKeywordMain.groovy:65)
	at com.kms.katalon.core.webui.keyword.internal.WebUIKeywordMain.runKeyword(WebUIKeywordMain.groovy:27)
	at com.kms.katalon.core.webui.keyword.builtin.ClickKeyword.click(ClickKeyword.groovy:86)
	at com.kms.katalon.core.webui.keyword.builtin.ClickKeyword.execute(ClickKeyword.groovy:67)
	at com.kms.katalon.core.keyword.internal.KeywordExecutor.executeKeywordForPlatform(KeywordExecutor.groovy:53)
	at com.kms.katalon.core.webui.keyword.WebUiBuiltInKeywords.click(WebUiBuiltInKeywords.groovy:616)
	at com.kms.katalon.core.webui.keyword.WebUiBuiltInKeywords$click$4.call(Unknown Source)
	at org.codehaus.groovy.runtime.callsite.CallSiteArray.defaultCall(CallSiteArray.java:48)
	at org.codehaus.groovy.runtime.callsite.AbstractCallSite.call(AbstractCallSite.java:113)
	at org.codehaus.groovy.runtime.callsite.AbstractCallSite.call(AbstractCallSite.java:125)
	at Script1536586720962.run(Script1536586720962.groovy:47)
	at com.kms.katalon.core.main.ScriptEngine.run(ScriptEngine.java:183)
	at com.kms.katalon.core.main.ScriptEngine.runScriptAsRawText(ScriptEngine.java:108)
	at com.kms.katalon.core.main.TestCaseExecutor.runScript(TestCaseExecutor.java:294)
	at com.kms.katalon.core.main.TestCaseExecutor.doExecute(TestCaseExecutor.java:285)
	at com.kms.katalon.core.main.TestCaseExecutor.processExecutionPhase(TestCaseExecutor.java:264)
	at com.kms.katalon.core.main.TestCaseExecutor.accessMainPhase(TestCaseExecutor.java:256)
	at com.kms.katalon.core.main.TestCaseExecutor.execute(TestCaseExecutor.java:200)
	at com.kms.katalon.core.main.TestSuiteExecutor.accessTestCaseMainPhase(TestSuiteExecutor.java:129)
	at com.kms.katalon.core.main.TestSuiteExecutor.accessTestSuiteMainPhase(TestSuiteExecutor.java:112)
	at com.kms.katalon.core.main.TestSuiteExecutor.execute(TestSuiteExecutor.java:81)
	at com.kms.katalon.core.main.TestCaseMain.startTestSuite(TestCaseMain.java:142)
	at com.kms.katalon.core.main.TestCaseMain$startTestSuite$0.call(Unknown Source)
	at org.codehaus.groovy.runtime.callsite.CallSiteArray.defaultCall(CallSiteArray.java:48)
	at org.codehaus.groovy.runtime.callsite.AbstractCallSite.call(AbstractCallSite.java:113)
	at org.codehaus.groovy.runtime.callsite.AbstractCallSite.call(AbstractCallSite.java:141)
	at TempTestSuite1536589916993.run(TempTestSuite1536589916993.groovy:36)
	at groovy.lang.GroovyShell.runScriptOrMainOrTestOrRunnable(GroovyShell.java:263)
	at groovy.lang.GroovyShell.run(GroovyShell.java:518)
	at groovy.lang.GroovyShell.run(GroovyShell.java:507)
	at groovy.ui.GroovyMain.processOnce(GroovyMain.java:653)
	at groovy.ui.GroovyMain.run(GroovyMain.java:384)
	at groovy.ui.GroovyMain.process(GroovyMain.java:370)
	at groovy.ui.GroovyMain.processArgs(GroovyMain.java:129)
	at groovy.ui.GroovyMain.main(GroovyMain.java:109)
	at sun.reflect.NativeMethodAccessorImpl.invoke0(Native Method)
	at sun.reflect.NativeMethodAccessorImpl.invoke(NativeMethodAccessorImpl.java:62)
	at sun.reflect.DelegatingMethodAccessorImpl.invoke(DelegatingMethodAccessorImpl.java:43)
	at java.lang.reflect.Method.invoke(Method.java:498)
	at org.codehaus.groovy.tools.GroovyStarter.rootLoader(GroovyStarter.java:109)
	at org.codehaus.groovy.tools.GroovyStarter.main(GroovyStarter.java:131)
)]]></system-err>
   </testsuite>
</testsuites>
