<?xml version="1.0" encoding="UTF-8"?>
<testsuites name="VendorAttributeAddon" time="126" tests="3" failures="1" errors="0">
   <testsuite name="VendorAttributeAddon" tests="3" failures="1" errors="0" time="126" timestamp="2018-09-30 16:30:37" hostname="User - DESKTOP-5HHLDMN" id="Test Suites/VendorAttributeAddon">
      <properties>
         <property name="deviceName" value=""/>
         <property name="devicePlatform" value=""/>
         <property name="logFolder" value="C:\\Users\\User\\Katalon Studio\\addonTestAutomation\\Reports\\VendorAttributeAddon\\20180930_163035"/>
         <property name="logFiles" value="C:\\Users\\User\\Katalon Studio\\addonTestAutomation\\Reports\\VendorAttributeAddon\\20180930_163035\\execution0.log"/>
         <property name="attachments" value="C:\\Users\\User\\Katalon Studio\\addonTestAutomation\\Reports\\VendorAttributeAddon\\20180930_163035\\1538296362838.png"/>
         <property name="hostName" value="User - DESKTOP-5HHLDMN"/>
         <property name="os" value="Windows 10 64bit"/>
         <property name="katalonVersion" value="5.7.1.1"/>
         <property name="browser" value="Chrome 69.0.3497.100"/>
         <property name="hostAddress" value="192.168.8.102"/>
         <property name="sessionId" value="fe5b6221b350acc7bd68214c39170a2c"/>
         <property name="seleniumVersion" value="3.7.1"/>
         <property name="proxyInformation" value="ProxyInformation{proxyOption=NO_PROXY, proxyServerType=HTTP, password=, proxyServerAddress=, proxyServerPort=0}"/>
         <property name="platform" value="Windows 10"/>
      </properties>
      <testcase name="Test Cases/VendorAttributeAddon/AddNewAttribute" classname="Test Cases/VendorAttributeAddon/AddNewAttribute" status="PASSED">
         <system-out><![CDATA[2018-09-30 16:30:37 - [TEST_CASE][PASSED] - Test Cases/VendorAttributeAddon/AddNewAttribute: Test Cases/VendorAttributeAddon/AddNewAttribute

2018-09-30 16:30:38 - [TEST_STEP][PASSED] - openBrowser: Browser is opened with url: ''

2018-09-30 16:30:43 - [MESSAGE][PASSED] - Browser is opened with url: ''

2018-09-30 16:30:43 - [TEST_STEP][PASSED] - maximizeWindow: Current window maximized

2018-09-30 16:30:44 - [MESSAGE][PASSED] - Current window maximized

2018-09-30 16:30:44 - [TEST_STEP][PASSED] - navigateToUrl: Navigate to 'http://46.101.72.110/admin_stage/admin/index/index/key/83f348aef1ab1267025c4f6ebf479c17e1de9cd81a89bb9a3a50f6ae7f861365/' successfully

2018-09-30 16:30:51 - [MESSAGE][PASSED] - Navigate to 'http://46.101.72.110/admin_stage/admin/index/index/key/83f348aef1ab1267025c4f6ebf479c17e1de9cd81a89bb9a3a50f6ae7f861365/' successfully

2018-09-30 16:30:51 - [TEST_STEP][PASSED] - setText: Text 'adminStage2' is set on object 'Object Repository/Page_Magento Admin/input_Username_loginusername'

2018-09-30 16:30:51 - [MESSAGE][PASSED] - Text 'adminStage2' is set on object 'Object Repository/Page_Magento Admin/input_Username_loginusername'

2018-09-30 16:30:51 - [TEST_STEP][PASSED] - setEncryptedText: Text ****** has been set on object 'Object Repository/Page_Magento Admin/input_Password_loginpassword'

2018-09-30 16:30:52 - [MESSAGE][PASSED] - Text ****** has been set on object 'Object Repository/Page_Magento Admin/input_Password_loginpassword'

2018-09-30 16:30:52 - [TEST_STEP][PASSED] - click: Object: 'Object Repository/Page_Magento Admin/span_Sign in' is clicked on

2018-09-30 16:30:55 - [MESSAGE][PASSED] - Object: 'Object Repository/Page_Magento Admin/span_Sign in' is clicked on

2018-09-30 16:30:55 - [TEST_STEP][PASSED] - click: Object: 'Object Repository/Page_Dashboard  Magento Admin/a_Marketplace' is clicked on

2018-09-30 16:30:55 - [MESSAGE][PASSED] - Object: 'Object Repository/Page_Dashboard  Magento Admin/a_Marketplace' is clicked on

2018-09-30 16:30:55 - [TEST_STEP][PASSED] - delay: Delayed 3 second(s)

2018-09-30 16:30:58 - [MESSAGE][PASSED] - Delayed 3 second(s)

2018-09-30 16:30:58 - [TEST_STEP][PASSED] - scrollToPosition: Browser is scrolled to position x = 100, y = 60

2018-09-30 16:30:58 - [MESSAGE][PASSED] - Browser is scrolled to position x = 100, y = 60

2018-09-30 16:30:58 - [TEST_STEP][PASSED] - click: Object: 'Object Repository/Page_Dashboard  Magento Admin/a_Vendor Attributes' is clicked on

2018-09-30 16:31:01 - [MESSAGE][PASSED] - Object: 'Object Repository/Page_Dashboard  Magento Admin/a_Vendor Attributes' is clicked on

2018-09-30 16:31:01 - [TEST_STEP][PASSED] - delay: Delayed 1 second(s)

2018-09-30 16:31:02 - [MESSAGE][PASSED] - Delayed 1 second(s)

2018-09-30 16:31:02 - [TEST_STEP][PASSED] - click: Object: 'Object Repository/Page_Manage Vendor Attributes  Mana/button_Add New Attribute' is clicked on

2018-09-30 16:31:07 - [MESSAGE][PASSED] - Object: 'Object Repository/Page_Manage Vendor Attributes  Mana/button_Add New Attribute' is clicked on

2018-09-30 16:31:07 - [TEST_STEP][PASSED] - delay: Delayed 1 second(s)

2018-09-30 16:31:08 - [MESSAGE][PASSED] - Delayed 1 second(s)

2018-09-30 16:31:08 - [TEST_STEP][PASSED] - setText: Text 'testattrib125' is set on object 'Object Repository/Page_New Vendor Attribute  Product/input_Default Label_frontend_l'

2018-09-30 16:31:08 - [MESSAGE][PASSED] - Text 'testattrib125' is set on object 'Object Repository/Page_New Vendor Attribute  Product/input_Default Label_frontend_l'

2018-09-30 16:31:08 - [TEST_STEP][PASSED] - rightClick: Object: 'Object Repository/Page_New Vendor Attribute  Product/input_Attribute Code_attribute' is right clicked on

2018-09-30 16:31:08 - [MESSAGE][PASSED] - Object: 'Object Repository/Page_New Vendor Attribute  Product/input_Attribute Code_attribute' is right clicked on

2018-09-30 16:31:08 - [TEST_STEP][PASSED] - setText: Text 'testattrib125' is set on object 'Object Repository/Page_New Vendor Attribute  Product/input_Attribute Code_attribute'

2018-09-30 16:31:08 - [MESSAGE][PASSED] - Text 'testattrib125' is set on object 'Object Repository/Page_New Vendor Attribute  Product/input_Attribute Code_attribute'

2018-09-30 16:31:08 - [TEST_STEP][PASSED] - selectOptionByValue: All options with value 'textarea' are selected in object 'Object Repository/Page_New Vendor Attribute  Product/select_Text FieldText AreaDate'  using regular expression

2018-09-30 16:31:08 - [MESSAGE][PASSED] - All options with value 'textarea' are selected in object 'Object Repository/Page_New Vendor Attribute  Product/select_Text FieldText AreaDate'  using regular expression

2018-09-30 16:31:08 - [TEST_STEP][PASSED] - selectOptionByValue: All options with value '1' are selected in object 'Object Repository/Page_New Vendor Attribute  Product/select_YesNo'  using regular expression

2018-09-30 16:31:09 - [MESSAGE][PASSED] - All options with value '1' are selected in object 'Object Repository/Page_New Vendor Attribute  Product/select_YesNo'  using regular expression

2018-09-30 16:31:09 - [TEST_STEP][PASSED] - setText: Text 'test' is set on object 'Object Repository/Page_New Vendor Attribute  Product/textarea_Default Value_default'

2018-09-30 16:31:09 - [MESSAGE][PASSED] - Text 'test' is set on object 'Object Repository/Page_New Vendor Attribute  Product/textarea_Default Value_default'

2018-09-30 16:31:09 - [TEST_STEP][PASSED] - selectOptionByValue: All options with value '1' are selected in object 'Object Repository/Page_New Vendor Attribute  Product/select_YesNo_1'  using regular expression

2018-09-30 16:31:09 - [MESSAGE][PASSED] - All options with value '1' are selected in object 'Object Repository/Page_New Vendor Attribute  Product/select_YesNo_1'  using regular expression

2018-09-30 16:31:09 - [TEST_STEP][PASSED] - selectOptionByValue: All options with value 'validate-number' are selected in object 'Object Repository/Page_New Vendor Attribute  Product/select_NoneDecimal NumberInteg'  using regular expression

2018-09-30 16:31:09 - [MESSAGE][PASSED] - All options with value 'validate-number' are selected in object 'Object Repository/Page_New Vendor Attribute  Product/select_NoneDecimal NumberInteg'  using regular expression

2018-09-30 16:31:09 - [TEST_STEP][PASSED] - selectOptionByValue: All options with value '1' are selected in object 'Object Repository/Page_New Vendor Attribute  Product/select_YesNo_2'  using regular expression

2018-09-30 16:31:09 - [MESSAGE][PASSED] - All options with value '1' are selected in object 'Object Repository/Page_New Vendor Attribute  Product/select_YesNo_2'  using regular expression

2018-09-30 16:31:09 - [TEST_STEP][PASSED] - selectOptionByValue: All options with value '1' are selected in object 'Object Repository/Page_New Vendor Attribute  Product/select_YesNo_3'  using regular expression

2018-09-30 16:31:10 - [MESSAGE][PASSED] - All options with value '1' are selected in object 'Object Repository/Page_New Vendor Attribute  Product/select_YesNo_3'  using regular expression

2018-09-30 16:31:10 - [TEST_STEP][PASSED] - selectOptionByValue: All options with value '1' are selected in object 'Object Repository/Page_New Vendor Attribute  Product/select_YesNo_4'  using regular expression

2018-09-30 16:31:10 - [MESSAGE][PASSED] - All options with value '1' are selected in object 'Object Repository/Page_New Vendor Attribute  Product/select_YesNo_4'  using regular expression

2018-09-30 16:31:10 - [TEST_STEP][PASSED] - selectOptionByValue: All options with value '1' are selected in object 'Object Repository/Page_New Vendor Attribute  Product/select_YesNo_5'  using regular expression

2018-09-30 16:31:10 - [MESSAGE][PASSED] - All options with value '1' are selected in object 'Object Repository/Page_New Vendor Attribute  Product/select_YesNo_5'  using regular expression

2018-09-30 16:31:10 - [TEST_STEP][PASSED] - click: Object: 'Object Repository/Page_New Vendor Attribute  Product/button_Save Attribute' is clicked on

2018-09-30 16:31:10 - [MESSAGE][PASSED] - Object: 'Object Repository/Page_New Vendor Attribute  Product/button_Save Attribute' is clicked on

2018-09-30 16:31:10 - [TEST_STEP][PASSED] - delay: Delayed 1 second(s)

2018-09-30 16:31:11 - [MESSAGE][PASSED] - Delayed 1 second(s)

2018-09-30 16:31:11 - [TEST_STEP][PASSED] - verifyElementPresent: Object 'Object Repository/Page_Manage Vendor Attributes  Mana/div_You saved the vendor attri' is present

2018-09-30 16:31:11 - [MESSAGE][WARNING] - Timeout '0' is invalid. Using default page load timeout: '10'

2018-09-30 16:31:13 - [MESSAGE][PASSED] - Object 'Object Repository/Page_Manage Vendor Attributes  Mana/div_You saved the vendor attri' is present

2018-09-30 16:31:13 - [TEST_STEP][PASSED] - closeBrowser: Browser is closed

2018-09-30 16:31:14 - [MESSAGE][PASSED] - Browser is closed]]></system-out>
         <system-err><![CDATA[]]></system-err>
      </testcase>
      <testcase name="Test Cases/VendorAttributeAddon/SearchAttribute" classname="Test Cases/VendorAttributeAddon/SearchAttribute" status="PASSED">
         <system-out><![CDATA[2018-09-30 16:31:14 - [TEST_CASE][PASSED] - Test Cases/VendorAttributeAddon/SearchAttribute: Test Cases/VendorAttributeAddon/SearchAttribute

2018-09-30 16:31:14 - [TEST_STEP][PASSED] - openBrowser: Browser is opened with url: ''

2018-09-30 16:31:16 - [MESSAGE][PASSED] - Browser is opened with url: ''

2018-09-30 16:31:16 - [TEST_STEP][PASSED] - maximizeWindow: Current window maximized

2018-09-30 16:31:17 - [MESSAGE][PASSED] - Current window maximized

2018-09-30 16:31:17 - [TEST_STEP][PASSED] - navigateToUrl: Navigate to 'http://46.101.72.110/admin_stage/admin/index/index/key/6179d2611c845079ec2ae3e70da4e0efdabf7e6cb1d29321cea6461333372126/' successfully

2018-09-30 16:31:23 - [MESSAGE][PASSED] - Navigate to 'http://46.101.72.110/admin_stage/admin/index/index/key/6179d2611c845079ec2ae3e70da4e0efdabf7e6cb1d29321cea6461333372126/' successfully

2018-09-30 16:31:23 - [TEST_STEP][PASSED] - setText: Text 'adminStage2' is set on object 'Object Repository/Page_Magento Admin/input_Username_loginusername (1)'

2018-09-30 16:31:23 - [MESSAGE][PASSED] - Text 'adminStage2' is set on object 'Object Repository/Page_Magento Admin/input_Username_loginusername (1)'

2018-09-30 16:31:23 - [TEST_STEP][PASSED] - setEncryptedText: Text ****** has been set on object 'Object Repository/Page_Magento Admin/input_Password_loginpassword (1)'

2018-09-30 16:31:23 - [MESSAGE][PASSED] - Text ****** has been set on object 'Object Repository/Page_Magento Admin/input_Password_loginpassword (1)'

2018-09-30 16:31:23 - [TEST_STEP][PASSED] - click: Object: 'Object Repository/Page_Magento Admin/button_Sign in' is clicked on

2018-09-30 16:31:26 - [MESSAGE][PASSED] - Object: 'Object Repository/Page_Magento Admin/button_Sign in' is clicked on

2018-09-30 16:31:26 - [TEST_STEP][PASSED] - delay: Delayed 1 second(s)

2018-09-30 16:31:27 - [MESSAGE][PASSED] - Delayed 1 second(s)

2018-09-30 16:31:27 - [TEST_STEP][PASSED] - click: Object: 'Object Repository/Page_Dashboard  Magento Admin/a_Marketplace' is clicked on

2018-09-30 16:31:27 - [MESSAGE][PASSED] - Object: 'Object Repository/Page_Dashboard  Magento Admin/a_Marketplace' is clicked on

2018-09-30 16:31:27 - [TEST_STEP][PASSED] - delay: Delayed 3 second(s)

2018-09-30 16:31:30 - [MESSAGE][PASSED] - Delayed 3 second(s)

2018-09-30 16:31:30 - [TEST_STEP][PASSED] - click: Object: 'Object Repository/Page_Dashboard  Magento Admin/a_Vendor Attributes' is clicked on

2018-09-30 16:31:33 - [MESSAGE][PASSED] - Object: 'Object Repository/Page_Dashboard  Magento Admin/a_Vendor Attributes' is clicked on

2018-09-30 16:31:33 - [TEST_STEP][PASSED] - setText: Text 'testattrib125' is set on object 'Object Repository/Page_Manage Vendor Attributes  Mana/input_Step Number_attribute_co'

2018-09-30 16:31:33 - [MESSAGE][PASSED] - Text 'testattrib125' is set on object 'Object Repository/Page_Manage Vendor Attributes  Mana/input_Step Number_attribute_co'

2018-09-30 16:31:33 - [TEST_STEP][PASSED] - click: Object: 'Object Repository/Page_Manage Vendor Attributes  Mana/button_Search' is clicked on

2018-09-30 16:31:35 - [MESSAGE][PASSED] - Object: 'Object Repository/Page_Manage Vendor Attributes  Mana/button_Search' is clicked on

2018-09-30 16:31:35 - [TEST_STEP][PASSED] - verifyElementPresent: Object 'Object Repository/Page_Manage Vendor Attributes  Mana/div_1' is present

2018-09-30 16:31:35 - [MESSAGE][WARNING] - Timeout '0' is invalid. Using default page load timeout: '10'

2018-09-30 16:31:35 - [MESSAGE][PASSED] - Object 'Object Repository/Page_Manage Vendor Attributes  Mana/div_1' is present

2018-09-30 16:31:35 - [TEST_STEP][PASSED] - closeBrowser: Browser is closed

2018-09-30 16:31:36 - [MESSAGE][PASSED] - Browser is closed]]></system-out>
         <system-err><![CDATA[]]></system-err>
      </testcase>
      <testcase name="Test Cases/VendorAttributeAddon/EditAttribute" classname="Test Cases/VendorAttributeAddon/EditAttribute" status="PASSED">
         <system-out><![CDATA[2018-09-30 16:31:36 - [TEST_CASE][PASSED] - Test Cases/VendorAttributeAddon/EditAttribute: Test Cases/VendorAttributeAddon/EditAttribute

2018-09-30 16:31:36 - [TEST_STEP][PASSED] - openBrowser: Browser is opened with url: ''

2018-09-30 16:31:38 - [MESSAGE][PASSED] - Browser is opened with url: ''

2018-09-30 16:31:38 - [TEST_STEP][PASSED] - maximizeWindow: Current window maximized

2018-09-30 16:31:39 - [MESSAGE][PASSED] - Current window maximized

2018-09-30 16:31:39 - [TEST_STEP][PASSED] - navigateToUrl: Navigate to 'http://46.101.72.110/admin_stage/admin/index/index/key/6179d2611c845079ec2ae3e70da4e0efdabf7e6cb1d29321cea6461333372126/' successfully

2018-09-30 16:31:43 - [MESSAGE][PASSED] - Navigate to 'http://46.101.72.110/admin_stage/admin/index/index/key/6179d2611c845079ec2ae3e70da4e0efdabf7e6cb1d29321cea6461333372126/' successfully

2018-09-30 16:31:43 - [TEST_STEP][PASSED] - setText: Text 'adminStage2' is set on object 'Object Repository/Page_Magento Admin/input_Username_loginusername (1)'

2018-09-30 16:31:44 - [MESSAGE][PASSED] - Text 'adminStage2' is set on object 'Object Repository/Page_Magento Admin/input_Username_loginusername (1)'

2018-09-30 16:31:44 - [TEST_STEP][PASSED] - setEncryptedText: Text ****** has been set on object 'Object Repository/Page_Magento Admin/input_Password_loginpassword (1)'

2018-09-30 16:31:44 - [MESSAGE][PASSED] - Text ****** has been set on object 'Object Repository/Page_Magento Admin/input_Password_loginpassword (1)'

2018-09-30 16:31:44 - [TEST_STEP][PASSED] - click: Object: 'Object Repository/Page_Magento Admin/button_Sign in' is clicked on

2018-09-30 16:31:47 - [MESSAGE][PASSED] - Object: 'Object Repository/Page_Magento Admin/button_Sign in' is clicked on

2018-09-30 16:31:47 - [TEST_STEP][PASSED] - delay: Delayed 1 second(s)

2018-09-30 16:31:48 - [MESSAGE][PASSED] - Delayed 1 second(s)

2018-09-30 16:31:48 - [TEST_STEP][PASSED] - click: Object: 'Object Repository/Page_Dashboard  Magento Admin/a_Marketplace' is clicked on

2018-09-30 16:31:48 - [MESSAGE][PASSED] - Object: 'Object Repository/Page_Dashboard  Magento Admin/a_Marketplace' is clicked on

2018-09-30 16:31:48 - [TEST_STEP][PASSED] - delay: Delayed 3 second(s)

2018-09-30 16:31:51 - [MESSAGE][PASSED] - Delayed 3 second(s)

2018-09-30 16:31:51 - [TEST_STEP][PASSED] - click: Object: 'Object Repository/Page_Dashboard  Magento Admin/a_Vendor Attributes' is clicked on

2018-09-30 16:31:53 - [MESSAGE][PASSED] - Object: 'Object Repository/Page_Dashboard  Magento Admin/a_Vendor Attributes' is clicked on

2018-09-30 16:31:53 - [TEST_STEP][PASSED] - setText: Text 'testattrib125' is set on object 'Object Repository/Page_Manage Vendor Attributes  Mana/input_Step Number_attribute_co'

2018-09-30 16:31:54 - [MESSAGE][PASSED] - Text 'testattrib125' is set on object 'Object Repository/Page_Manage Vendor Attributes  Mana/input_Step Number_attribute_co'

2018-09-30 16:31:54 - [TEST_STEP][PASSED] - click: Object: 'Object Repository/Page_Manage Vendor Attributes  Mana/button_Search' is clicked on

2018-09-30 16:31:56 - [MESSAGE][PASSED] - Object: 'Object Repository/Page_Manage Vendor Attributes  Mana/button_Search' is clicked on

2018-09-30 16:31:56 - [TEST_STEP][PASSED] - verifyElementPresent: Object 'Object Repository/Page_Manage Vendor Attributes  Mana/div_1' is present

2018-09-30 16:31:56 - [MESSAGE][WARNING] - Timeout '0' is invalid. Using default page load timeout: '10'

2018-09-30 16:31:56 - [MESSAGE][PASSED] - Object 'Object Repository/Page_Manage Vendor Attributes  Mana/div_1' is present

2018-09-30 16:31:56 - [TEST_STEP][PASSED] - click: Object: 'Object Repository/Page_Manage Vendor Attributes  Mana/td_testattrib125' is clicked on

2018-09-30 16:31:58 - [MESSAGE][PASSED] - Object: 'Object Repository/Page_Manage Vendor Attributes  Mana/td_testattrib125' is clicked on

2018-09-30 16:31:58 - [TEST_STEP][PASSED] - selectOptionByValue: All options with value '0' are selected in object 'Object Repository/Page_testattrib125  Product Attribu/select_YesNo'  using regular expression

2018-09-30 16:31:59 - [MESSAGE][PASSED] - All options with value '0' are selected in object 'Object Repository/Page_testattrib125  Product Attribu/select_YesNo'  using regular expression

2018-09-30 16:31:59 - [TEST_STEP][PASSED] - setText: Text '' is set on object 'Object Repository/Page_testattrib125  Product Attribu/textarea_test'

2018-09-30 16:31:59 - [MESSAGE][PASSED] - Text '' is set on object 'Object Repository/Page_testattrib125  Product Attribu/textarea_test'

2018-09-30 16:31:59 - [TEST_STEP][PASSED] - selectOptionByValue: All options with value '0' are selected in object 'Object Repository/Page_testattrib125  Product Attribu/select_YesNo_1'  using regular expression

2018-09-30 16:31:59 - [MESSAGE][PASSED] - All options with value '0' are selected in object 'Object Repository/Page_testattrib125  Product Attribu/select_YesNo_1'  using regular expression

2018-09-30 16:31:59 - [TEST_STEP][PASSED] - selectOptionByValue: All options with value '0' are selected in object 'Object Repository/Page_testattrib125  Product Attribu/select_YesNo_2'  using regular expression

2018-09-30 16:31:59 - [MESSAGE][PASSED] - All options with value '0' are selected in object 'Object Repository/Page_testattrib125  Product Attribu/select_YesNo_2'  using regular expression

2018-09-30 16:31:59 - [TEST_STEP][PASSED] - selectOptionByValue: All options with value '0' are selected in object 'Object Repository/Page_testattrib125  Product Attribu/select_YesNo_3'  using regular expression

2018-09-30 16:31:59 - [MESSAGE][PASSED] - All options with value '0' are selected in object 'Object Repository/Page_testattrib125  Product Attribu/select_YesNo_3'  using regular expression

2018-09-30 16:31:59 - [TEST_STEP][PASSED] - selectOptionByValue: All options with value '0' are selected in object 'Object Repository/Page_testattrib125  Product Attribu/select_YesNo_4'  using regular expression

2018-09-30 16:32:00 - [MESSAGE][PASSED] - All options with value '0' are selected in object 'Object Repository/Page_testattrib125  Product Attribu/select_YesNo_4'  using regular expression

2018-09-30 16:32:00 - [TEST_STEP][PASSED] - click: Object: 'Object Repository/Page_testattrib125  Product Attribu/button_Save Attribute' is clicked on

2018-09-30 16:32:00 - [MESSAGE][PASSED] - Object: 'Object Repository/Page_testattrib125  Product Attribu/button_Save Attribute' is clicked on

2018-09-30 16:32:00 - [TEST_STEP][PASSED] - delay: Delayed 1 second(s)

2018-09-30 16:32:01 - [MESSAGE][PASSED] - Delayed 1 second(s)

2018-09-30 16:32:01 - [TEST_STEP][PASSED] - verifyElementPresent: Object 'Object Repository/Page_Manage Vendor Attributes  Mana/div_You saved the vendor attri' is present

2018-09-30 16:32:01 - [MESSAGE][WARNING] - Timeout '0' is invalid. Using default page load timeout: '10'

2018-09-30 16:32:03 - [MESSAGE][PASSED] - Object 'Object Repository/Page_Manage Vendor Attributes  Mana/div_You saved the vendor attri' is present]]></system-out>
         <system-err><![CDATA[]]></system-err>
      </testcase>
      <testcase name="Test Cases/VendorAttributeAddon/DeleteAttribute" classname="Test Cases/VendorAttributeAddon/DeleteAttribute" status="FAILED">
         <failure type="FAILED" message="(Stack trace: com.kms.katalon.core.exception.StepFailedException: Unable to focus on object 'Object Repository/Page_testattrib125  Product Attribu/button_OK' (Root cause: com.kms.katalon.core.webui.exception.WebElementNotFoundException: Web element with id: 'Object Repository/Page_testattrib125  Product Attribu/button_OK' located by 'By.xpath: //body[@id='html-body']/div[6]/aside/div[2]/footer/button[2]' not found)
	at com.kms.katalon.core.keyword.internal.KeywordMain.stepFailed(KeywordMain.groovy:36)
	at com.kms.katalon.core.webui.keyword.internal.WebUIKeywordMain.stepFailed(WebUIKeywordMain.groovy:65)
	at com.kms.katalon.core.webui.keyword.internal.WebUIKeywordMain.runKeyword(WebUIKeywordMain.groovy:27)
	at com.kms.katalon.core.webui.keyword.builtin.FocusKeyword.focus(FocusKeyword.groovy:90)
	at com.kms.katalon.core.webui.keyword.builtin.FocusKeyword.execute(FocusKeyword.groovy:67)
	at com.kms.katalon.core.keyword.internal.KeywordExecutor.executeKeywordForPlatform(KeywordExecutor.groovy:53)
	at com.kms.katalon.core.webui.keyword.WebUiBuiltInKeywords.focus(WebUiBuiltInKeywords.groovy:859)
	at com.kms.katalon.core.webui.keyword.WebUiBuiltInKeywords$focus$10.call(Unknown Source)
	at org.codehaus.groovy.runtime.callsite.CallSiteArray.defaultCall(CallSiteArray.java:48)
	at org.codehaus.groovy.runtime.callsite.AbstractCallSite.call(AbstractCallSite.java:113)
	at org.codehaus.groovy.runtime.callsite.AbstractCallSite.call(AbstractCallSite.java:125)
	at Script1536586720962.run(Script1536586720962.groovy:48)
	at com.kms.katalon.core.main.ScriptEngine.run(ScriptEngine.java:183)
	at com.kms.katalon.core.main.ScriptEngine.runScriptAsRawText(ScriptEngine.java:108)
	at com.kms.katalon.core.main.TestCaseExecutor.runScript(TestCaseExecutor.java:294)
	at com.kms.katalon.core.main.TestCaseExecutor.doExecute(TestCaseExecutor.java:285)
	at com.kms.katalon.core.main.TestCaseExecutor.processExecutionPhase(TestCaseExecutor.java:264)
	at com.kms.katalon.core.main.TestCaseExecutor.accessMainPhase(TestCaseExecutor.java:256)
	at com.kms.katalon.core.main.TestCaseExecutor.execute(TestCaseExecutor.java:200)
	at com.kms.katalon.core.main.TestSuiteExecutor.accessTestCaseMainPhase(TestSuiteExecutor.java:129)
	at com.kms.katalon.core.main.TestSuiteExecutor.accessTestSuiteMainPhase(TestSuiteExecutor.java:112)
	at com.kms.katalon.core.main.TestSuiteExecutor.execute(TestSuiteExecutor.java:81)
	at com.kms.katalon.core.main.TestCaseMain.startTestSuite(TestCaseMain.java:142)
	at com.kms.katalon.core.main.TestCaseMain$startTestSuite$0.call(Unknown Source)
	at org.codehaus.groovy.runtime.callsite.CallSiteArray.defaultCall(CallSiteArray.java:48)
	at org.codehaus.groovy.runtime.callsite.AbstractCallSite.call(AbstractCallSite.java:113)
	at org.codehaus.groovy.runtime.callsite.AbstractCallSite.call(AbstractCallSite.java:141)
	at TempTestSuite1538296235151.run(TempTestSuite1538296235151.groovy:36)
	at groovy.lang.GroovyShell.runScriptOrMainOrTestOrRunnable(GroovyShell.java:263)
	at groovy.lang.GroovyShell.run(GroovyShell.java:518)
	at groovy.lang.GroovyShell.run(GroovyShell.java:507)
	at groovy.ui.GroovyMain.processOnce(GroovyMain.java:653)
	at groovy.ui.GroovyMain.run(GroovyMain.java:384)
	at groovy.ui.GroovyMain.process(GroovyMain.java:370)
	at groovy.ui.GroovyMain.processArgs(GroovyMain.java:129)
	at groovy.ui.GroovyMain.main(GroovyMain.java:109)
	at sun.reflect.NativeMethodAccessorImpl.invoke0(Native Method)
	at sun.reflect.NativeMethodAccessorImpl.invoke(NativeMethodAccessorImpl.java:62)
	at sun.reflect.DelegatingMethodAccessorImpl.invoke(DelegatingMethodAccessorImpl.java:43)
	at java.lang.reflect.Method.invoke(Method.java:498)
	at org.codehaus.groovy.tools.GroovyStarter.rootLoader(GroovyStarter.java:109)
	at org.codehaus.groovy.tools.GroovyStarter.main(GroovyStarter.java:131)
)"/>
         <system-out><![CDATA[2018-09-30 16:32:03 - [TEST_CASE][FAILED] - Test Cases/VendorAttributeAddon/DeleteAttribute: Test Cases/VendorAttributeAddon/DeleteAttribute FAILED because (of) (Stack trace: com.kms.katalon.core.exception.StepFailedException: Unable to focus on object 'Object Repository/Page_testattrib125  Product Attribu/button_OK' (Root cause: com.kms.katalon.core.webui.exception.WebElementNotFoundException: Web element with id: 'Object Repository/Page_testattrib125  Product Attribu/button_OK' located by 'By.xpath: //body[@id='html-body']/div[6]/aside/div[2]/footer/button[2]' not found)
	at com.kms.katalon.core.keyword.internal.KeywordMain.stepFailed(KeywordMain.groovy:36)
	at com.kms.katalon.core.webui.keyword.internal.WebUIKeywordMain.stepFailed(WebUIKeywordMain.groovy:65)
	at com.kms.katalon.core.webui.keyword.internal.WebUIKeywordMain.runKeyword(WebUIKeywordMain.groovy:27)
	at com.kms.katalon.core.webui.keyword.builtin.FocusKeyword.focus(FocusKeyword.groovy:90)
	at com.kms.katalon.core.webui.keyword.builtin.FocusKeyword.execute(FocusKeyword.groovy:67)
	at com.kms.katalon.core.keyword.internal.KeywordExecutor.executeKeywordForPlatform(KeywordExecutor.groovy:53)
	at com.kms.katalon.core.webui.keyword.WebUiBuiltInKeywords.focus(WebUiBuiltInKeywords.groovy:859)
	at com.kms.katalon.core.webui.keyword.WebUiBuiltInKeywords$focus$10.call(Unknown Source)
	at org.codehaus.groovy.runtime.callsite.CallSiteArray.defaultCall(CallSiteArray.java:48)
	at org.codehaus.groovy.runtime.callsite.AbstractCallSite.call(AbstractCallSite.java:113)
	at org.codehaus.groovy.runtime.callsite.AbstractCallSite.call(AbstractCallSite.java:125)
	at Script1536586720962.run(Script1536586720962.groovy:48)
	at com.kms.katalon.core.main.ScriptEngine.run(ScriptEngine.java:183)
	at com.kms.katalon.core.main.ScriptEngine.runScriptAsRawText(ScriptEngine.java:108)
	at com.kms.katalon.core.main.TestCaseExecutor.runScript(TestCaseExecutor.java:294)
	at com.kms.katalon.core.main.TestCaseExecutor.doExecute(TestCaseExecutor.java:285)
	at com.kms.katalon.core.main.TestCaseExecutor.processExecutionPhase(TestCaseExecutor.java:264)
	at com.kms.katalon.core.main.TestCaseExecutor.accessMainPhase(TestCaseExecutor.java:256)
	at com.kms.katalon.core.main.TestCaseExecutor.execute(TestCaseExecutor.java:200)
	at com.kms.katalon.core.main.TestSuiteExecutor.accessTestCaseMainPhase(TestSuiteExecutor.java:129)
	at com.kms.katalon.core.main.TestSuiteExecutor.accessTestSuiteMainPhase(TestSuiteExecutor.java:112)
	at com.kms.katalon.core.main.TestSuiteExecutor.execute(TestSuiteExecutor.java:81)
	at com.kms.katalon.core.main.TestCaseMain.startTestSuite(TestCaseMain.java:142)
	at com.kms.katalon.core.main.TestCaseMain$startTestSuite$0.call(Unknown Source)
	at org.codehaus.groovy.runtime.callsite.CallSiteArray.defaultCall(CallSiteArray.java:48)
	at org.codehaus.groovy.runtime.callsite.AbstractCallSite.call(AbstractCallSite.java:113)
	at org.codehaus.groovy.runtime.callsite.AbstractCallSite.call(AbstractCallSite.java:141)
	at TempTestSuite1538296235151.run(TempTestSuite1538296235151.groovy:36)
	at groovy.lang.GroovyShell.runScriptOrMainOrTestOrRunnable(GroovyShell.java:263)
	at groovy.lang.GroovyShell.run(GroovyShell.java:518)
	at groovy.lang.GroovyShell.run(GroovyShell.java:507)
	at groovy.ui.GroovyMain.processOnce(GroovyMain.java:653)
	at groovy.ui.GroovyMain.run(GroovyMain.java:384)
	at groovy.ui.GroovyMain.process(GroovyMain.java:370)
	at groovy.ui.GroovyMain.processArgs(GroovyMain.java:129)
	at groovy.ui.GroovyMain.main(GroovyMain.java:109)
	at sun.reflect.NativeMethodAccessorImpl.invoke0(Native Method)
	at sun.reflect.NativeMethodAccessorImpl.invoke(NativeMethodAccessorImpl.java:62)
	at sun.reflect.DelegatingMethodAccessorImpl.invoke(DelegatingMethodAccessorImpl.java:43)
	at java.lang.reflect.Method.invoke(Method.java:498)
	at org.codehaus.groovy.tools.GroovyStarter.rootLoader(GroovyStarter.java:109)
	at org.codehaus.groovy.tools.GroovyStarter.main(GroovyStarter.java:131)
)

2018-09-30 16:32:03 - [TEST_STEP][PASSED] - openBrowser: Browser is opened with url: ''

2018-09-30 16:32:03 - [MESSAGE][WARNING] - A browser is already opened. Closing browser and opening a new one

2018-09-30 16:32:06 - [MESSAGE][PASSED] - Browser is opened with url: ''

2018-09-30 16:32:06 - [TEST_STEP][PASSED] - maximizeWindow: Current window maximized

2018-09-30 16:32:07 - [MESSAGE][PASSED] - Current window maximized

2018-09-30 16:32:07 - [TEST_STEP][PASSED] - navigateToUrl: Navigate to 'http://46.101.72.110/admin_stage/admin/index/index/key/6179d2611c845079ec2ae3e70da4e0efdabf7e6cb1d29321cea6461333372126/' successfully

2018-09-30 16:32:12 - [MESSAGE][PASSED] - Navigate to 'http://46.101.72.110/admin_stage/admin/index/index/key/6179d2611c845079ec2ae3e70da4e0efdabf7e6cb1d29321cea6461333372126/' successfully

2018-09-30 16:32:12 - [TEST_STEP][PASSED] - setText: Text 'adminStage2' is set on object 'Object Repository/Page_Magento Admin/input_Username_loginusername (1)'

2018-09-30 16:32:12 - [MESSAGE][PASSED] - Text 'adminStage2' is set on object 'Object Repository/Page_Magento Admin/input_Username_loginusername (1)'

2018-09-30 16:32:12 - [TEST_STEP][PASSED] - setEncryptedText: Text ****** has been set on object 'Object Repository/Page_Magento Admin/input_Password_loginpassword (1)'

2018-09-30 16:32:12 - [MESSAGE][PASSED] - Text ****** has been set on object 'Object Repository/Page_Magento Admin/input_Password_loginpassword (1)'

2018-09-30 16:32:12 - [TEST_STEP][PASSED] - click: Object: 'Object Repository/Page_Magento Admin/button_Sign in' is clicked on

2018-09-30 16:32:16 - [MESSAGE][PASSED] - Object: 'Object Repository/Page_Magento Admin/button_Sign in' is clicked on

2018-09-30 16:32:16 - [TEST_STEP][PASSED] - delay: Delayed 1 second(s)

2018-09-30 16:32:17 - [MESSAGE][PASSED] - Delayed 1 second(s)

2018-09-30 16:32:17 - [TEST_STEP][PASSED] - click: Object: 'Object Repository/Page_Dashboard  Magento Admin/a_Marketplace' is clicked on

2018-09-30 16:32:17 - [MESSAGE][PASSED] - Object: 'Object Repository/Page_Dashboard  Magento Admin/a_Marketplace' is clicked on

2018-09-30 16:32:17 - [TEST_STEP][PASSED] - delay: Delayed 3 second(s)

2018-09-30 16:32:20 - [MESSAGE][PASSED] - Delayed 3 second(s)

2018-09-30 16:32:20 - [TEST_STEP][PASSED] - click: Object: 'Object Repository/Page_Dashboard  Magento Admin/a_Vendor Attributes' is clicked on

2018-09-30 16:32:23 - [MESSAGE][PASSED] - Object: 'Object Repository/Page_Dashboard  Magento Admin/a_Vendor Attributes' is clicked on

2018-09-30 16:32:23 - [TEST_STEP][PASSED] - setText: Text 'testattrib125' is set on object 'Object Repository/Page_Manage Vendor Attributes  Mana/input_Step Number_attribute_co (1)'

2018-09-30 16:32:23 - [MESSAGE][PASSED] - Text 'testattrib125' is set on object 'Object Repository/Page_Manage Vendor Attributes  Mana/input_Step Number_attribute_co (1)'

2018-09-30 16:32:23 - [TEST_STEP][PASSED] - click: Object: 'Object Repository/Page_Manage Vendor Attributes  Mana/button_Search (1)' is clicked on

2018-09-30 16:32:25 - [MESSAGE][PASSED] - Object: 'Object Repository/Page_Manage Vendor Attributes  Mana/button_Search (1)' is clicked on

2018-09-30 16:32:25 - [TEST_STEP][PASSED] - verifyElementPresent: Object 'Object Repository/Page_Manage Vendor Attributes  Mana/div_1 (1)' is present

2018-09-30 16:32:25 - [MESSAGE][WARNING] - Timeout '0' is invalid. Using default page load timeout: '10'

2018-09-30 16:32:25 - [MESSAGE][PASSED] - Object 'Object Repository/Page_Manage Vendor Attributes  Mana/div_1 (1)' is present

2018-09-30 16:32:25 - [TEST_STEP][PASSED] - click: Object: 'Object Repository/Page_Manage Vendor Attributes  Mana/td_testattrib125 (1)' is clicked on

2018-09-30 16:32:28 - [MESSAGE][PASSED] - Object: 'Object Repository/Page_Manage Vendor Attributes  Mana/td_testattrib125 (1)' is clicked on

2018-09-30 16:32:28 - [TEST_STEP][PASSED] - delay: Delayed 3 second(s)

2018-09-30 16:32:31 - [MESSAGE][PASSED] - Delayed 3 second(s)

2018-09-30 16:32:31 - [TEST_STEP][PASSED] - click: Object: 'Object Repository/Page_testattrib125  Product Attribu/button_Delete Attribute' is clicked on

2018-09-30 16:32:31 - [MESSAGE][PASSED] - Object: 'Object Repository/Page_testattrib125  Product Attribu/button_Delete Attribute' is clicked on

2018-09-30 16:32:31 - [TEST_STEP][FAILED] - focus: Unable to focus on object 'Object Repository/Page_testattrib125  Product Attribu/button_OK' (Root cause: com.kms.katalon.core.webui.exception.WebElementNotFoundException: Web element with id: 'Object Repository/Page_testattrib125  Product Attribu/button_OK' located by 'By.xpath: //body[@id='html-body']/div[6]/aside/div[2]/footer/button[2]' not found)

2018-09-30 16:32:43 - [MESSAGE][FAILED] - Unable to focus on object 'Object Repository/Page_testattrib125  Product Attribu/button_OK' (Root cause: com.kms.katalon.core.webui.exception.WebElementNotFoundException: Web element with id: 'Object Repository/Page_testattrib125  Product Attribu/button_OK' located by 'By.xpath: //body[@id='html-body']/div[6]/aside/div[2]/footer/button[2]' not found)
[[ATTACHMENT|C:\\Users\\User\\Katalon Studio\\addonTestAutomation\\Reports\\VendorAttributeAddon\\20180930_163035\\1538296362838.png]]]]></system-out>
         <system-err><![CDATA[2018-09-30 16:32:03 - [TEST_CASE][FAILED] - Test Cases/VendorAttributeAddon/DeleteAttribute: Test Cases/VendorAttributeAddon/DeleteAttribute FAILED because (of) (Stack trace: com.kms.katalon.core.exception.StepFailedException: Unable to focus on object 'Object Repository/Page_testattrib125  Product Attribu/button_OK' (Root cause: com.kms.katalon.core.webui.exception.WebElementNotFoundException: Web element with id: 'Object Repository/Page_testattrib125  Product Attribu/button_OK' located by 'By.xpath: //body[@id='html-body']/div[6]/aside/div[2]/footer/button[2]' not found)
	at com.kms.katalon.core.keyword.internal.KeywordMain.stepFailed(KeywordMain.groovy:36)
	at com.kms.katalon.core.webui.keyword.internal.WebUIKeywordMain.stepFailed(WebUIKeywordMain.groovy:65)
	at com.kms.katalon.core.webui.keyword.internal.WebUIKeywordMain.runKeyword(WebUIKeywordMain.groovy:27)
	at com.kms.katalon.core.webui.keyword.builtin.FocusKeyword.focus(FocusKeyword.groovy:90)
	at com.kms.katalon.core.webui.keyword.builtin.FocusKeyword.execute(FocusKeyword.groovy:67)
	at com.kms.katalon.core.keyword.internal.KeywordExecutor.executeKeywordForPlatform(KeywordExecutor.groovy:53)
	at com.kms.katalon.core.webui.keyword.WebUiBuiltInKeywords.focus(WebUiBuiltInKeywords.groovy:859)
	at com.kms.katalon.core.webui.keyword.WebUiBuiltInKeywords$focus$10.call(Unknown Source)
	at org.codehaus.groovy.runtime.callsite.CallSiteArray.defaultCall(CallSiteArray.java:48)
	at org.codehaus.groovy.runtime.callsite.AbstractCallSite.call(AbstractCallSite.java:113)
	at org.codehaus.groovy.runtime.callsite.AbstractCallSite.call(AbstractCallSite.java:125)
	at Script1536586720962.run(Script1536586720962.groovy:48)
	at com.kms.katalon.core.main.ScriptEngine.run(ScriptEngine.java:183)
	at com.kms.katalon.core.main.ScriptEngine.runScriptAsRawText(ScriptEngine.java:108)
	at com.kms.katalon.core.main.TestCaseExecutor.runScript(TestCaseExecutor.java:294)
	at com.kms.katalon.core.main.TestCaseExecutor.doExecute(TestCaseExecutor.java:285)
	at com.kms.katalon.core.main.TestCaseExecutor.processExecutionPhase(TestCaseExecutor.java:264)
	at com.kms.katalon.core.main.TestCaseExecutor.accessMainPhase(TestCaseExecutor.java:256)
	at com.kms.katalon.core.main.TestCaseExecutor.execute(TestCaseExecutor.java:200)
	at com.kms.katalon.core.main.TestSuiteExecutor.accessTestCaseMainPhase(TestSuiteExecutor.java:129)
	at com.kms.katalon.core.main.TestSuiteExecutor.accessTestSuiteMainPhase(TestSuiteExecutor.java:112)
	at com.kms.katalon.core.main.TestSuiteExecutor.execute(TestSuiteExecutor.java:81)
	at com.kms.katalon.core.main.TestCaseMain.startTestSuite(TestCaseMain.java:142)
	at com.kms.katalon.core.main.TestCaseMain$startTestSuite$0.call(Unknown Source)
	at org.codehaus.groovy.runtime.callsite.CallSiteArray.defaultCall(CallSiteArray.java:48)
	at org.codehaus.groovy.runtime.callsite.AbstractCallSite.call(AbstractCallSite.java:113)
	at org.codehaus.groovy.runtime.callsite.AbstractCallSite.call(AbstractCallSite.java:141)
	at TempTestSuite1538296235151.run(TempTestSuite1538296235151.groovy:36)
	at groovy.lang.GroovyShell.runScriptOrMainOrTestOrRunnable(GroovyShell.java:263)
	at groovy.lang.GroovyShell.run(GroovyShell.java:518)
	at groovy.lang.GroovyShell.run(GroovyShell.java:507)
	at groovy.ui.GroovyMain.processOnce(GroovyMain.java:653)
	at groovy.ui.GroovyMain.run(GroovyMain.java:384)
	at groovy.ui.GroovyMain.process(GroovyMain.java:370)
	at groovy.ui.GroovyMain.processArgs(GroovyMain.java:129)
	at groovy.ui.GroovyMain.main(GroovyMain.java:109)
	at sun.reflect.NativeMethodAccessorImpl.invoke0(Native Method)
	at sun.reflect.NativeMethodAccessorImpl.invoke(NativeMethodAccessorImpl.java:62)
	at sun.reflect.DelegatingMethodAccessorImpl.invoke(DelegatingMethodAccessorImpl.java:43)
	at java.lang.reflect.Method.invoke(Method.java:498)
	at org.codehaus.groovy.tools.GroovyStarter.rootLoader(GroovyStarter.java:109)
	at org.codehaus.groovy.tools.GroovyStarter.main(GroovyStarter.java:131)
)]]></system-err>
      </testcase>
      <system-out><![CDATA[2018-09-30 16:30:37 - [TEST_SUITE][FAILED] - VendorAttributeAddon: Test Cases/VendorAttributeAddon/DeleteAttribute FAILED because (of) (Stack trace: com.kms.katalon.core.exception.StepFailedException: Unable to focus on object 'Object Repository/Page_testattrib125  Product Attribu/button_OK' (Root cause: com.kms.katalon.core.webui.exception.WebElementNotFoundException: Web element with id: 'Object Repository/Page_testattrib125  Product Attribu/button_OK' located by 'By.xpath: //body[@id='html-body']/div[6]/aside/div[2]/footer/button[2]' not found)
	at com.kms.katalon.core.keyword.internal.KeywordMain.stepFailed(KeywordMain.groovy:36)
	at com.kms.katalon.core.webui.keyword.internal.WebUIKeywordMain.stepFailed(WebUIKeywordMain.groovy:65)
	at com.kms.katalon.core.webui.keyword.internal.WebUIKeywordMain.runKeyword(WebUIKeywordMain.groovy:27)
	at com.kms.katalon.core.webui.keyword.builtin.FocusKeyword.focus(FocusKeyword.groovy:90)
	at com.kms.katalon.core.webui.keyword.builtin.FocusKeyword.execute(FocusKeyword.groovy:67)
	at com.kms.katalon.core.keyword.internal.KeywordExecutor.executeKeywordForPlatform(KeywordExecutor.groovy:53)
	at com.kms.katalon.core.webui.keyword.WebUiBuiltInKeywords.focus(WebUiBuiltInKeywords.groovy:859)
	at com.kms.katalon.core.webui.keyword.WebUiBuiltInKeywords$focus$10.call(Unknown Source)
	at org.codehaus.groovy.runtime.callsite.CallSiteArray.defaultCall(CallSiteArray.java:48)
	at org.codehaus.groovy.runtime.callsite.AbstractCallSite.call(AbstractCallSite.java:113)
	at org.codehaus.groovy.runtime.callsite.AbstractCallSite.call(AbstractCallSite.java:125)
	at Script1536586720962.run(Script1536586720962.groovy:48)
	at com.kms.katalon.core.main.ScriptEngine.run(ScriptEngine.java:183)
	at com.kms.katalon.core.main.ScriptEngine.runScriptAsRawText(ScriptEngine.java:108)
	at com.kms.katalon.core.main.TestCaseExecutor.runScript(TestCaseExecutor.java:294)
	at com.kms.katalon.core.main.TestCaseExecutor.doExecute(TestCaseExecutor.java:285)
	at com.kms.katalon.core.main.TestCaseExecutor.processExecutionPhase(TestCaseExecutor.java:264)
	at com.kms.katalon.core.main.TestCaseExecutor.accessMainPhase(TestCaseExecutor.java:256)
	at com.kms.katalon.core.main.TestCaseExecutor.execute(TestCaseExecutor.java:200)
	at com.kms.katalon.core.main.TestSuiteExecutor.accessTestCaseMainPhase(TestSuiteExecutor.java:129)
	at com.kms.katalon.core.main.TestSuiteExecutor.accessTestSuiteMainPhase(TestSuiteExecutor.java:112)
	at com.kms.katalon.core.main.TestSuiteExecutor.execute(TestSuiteExecutor.java:81)
	at com.kms.katalon.core.main.TestCaseMain.startTestSuite(TestCaseMain.java:142)
	at com.kms.katalon.core.main.TestCaseMain$startTestSuite$0.call(Unknown Source)
	at org.codehaus.groovy.runtime.callsite.CallSiteArray.defaultCall(CallSiteArray.java:48)
	at org.codehaus.groovy.runtime.callsite.AbstractCallSite.call(AbstractCallSite.java:113)
	at org.codehaus.groovy.runtime.callsite.AbstractCallSite.call(AbstractCallSite.java:141)
	at TempTestSuite1538296235151.run(TempTestSuite1538296235151.groovy:36)
	at groovy.lang.GroovyShell.runScriptOrMainOrTestOrRunnable(GroovyShell.java:263)
	at groovy.lang.GroovyShell.run(GroovyShell.java:518)
	at groovy.lang.GroovyShell.run(GroovyShell.java:507)
	at groovy.ui.GroovyMain.processOnce(GroovyMain.java:653)
	at groovy.ui.GroovyMain.run(GroovyMain.java:384)
	at groovy.ui.GroovyMain.process(GroovyMain.java:370)
	at groovy.ui.GroovyMain.processArgs(GroovyMain.java:129)
	at groovy.ui.GroovyMain.main(GroovyMain.java:109)
	at sun.reflect.NativeMethodAccessorImpl.invoke0(Native Method)
	at sun.reflect.NativeMethodAccessorImpl.invoke(NativeMethodAccessorImpl.java:62)
	at sun.reflect.DelegatingMethodAccessorImpl.invoke(DelegatingMethodAccessorImpl.java:43)
	at java.lang.reflect.Method.invoke(Method.java:498)
	at org.codehaus.groovy.tools.GroovyStarter.rootLoader(GroovyStarter.java:109)
	at org.codehaus.groovy.tools.GroovyStarter.main(GroovyStarter.java:131)
)]]></system-out>
      <system-err><![CDATA[2018-09-30 16:30:37 - [TEST_SUITE][FAILED] - VendorAttributeAddon: Test Cases/VendorAttributeAddon/DeleteAttribute FAILED because (of) (Stack trace: com.kms.katalon.core.exception.StepFailedException: Unable to focus on object 'Object Repository/Page_testattrib125  Product Attribu/button_OK' (Root cause: com.kms.katalon.core.webui.exception.WebElementNotFoundException: Web element with id: 'Object Repository/Page_testattrib125  Product Attribu/button_OK' located by 'By.xpath: //body[@id='html-body']/div[6]/aside/div[2]/footer/button[2]' not found)
	at com.kms.katalon.core.keyword.internal.KeywordMain.stepFailed(KeywordMain.groovy:36)
	at com.kms.katalon.core.webui.keyword.internal.WebUIKeywordMain.stepFailed(WebUIKeywordMain.groovy:65)
	at com.kms.katalon.core.webui.keyword.internal.WebUIKeywordMain.runKeyword(WebUIKeywordMain.groovy:27)
	at com.kms.katalon.core.webui.keyword.builtin.FocusKeyword.focus(FocusKeyword.groovy:90)
	at com.kms.katalon.core.webui.keyword.builtin.FocusKeyword.execute(FocusKeyword.groovy:67)
	at com.kms.katalon.core.keyword.internal.KeywordExecutor.executeKeywordForPlatform(KeywordExecutor.groovy:53)
	at com.kms.katalon.core.webui.keyword.WebUiBuiltInKeywords.focus(WebUiBuiltInKeywords.groovy:859)
	at com.kms.katalon.core.webui.keyword.WebUiBuiltInKeywords$focus$10.call(Unknown Source)
	at org.codehaus.groovy.runtime.callsite.CallSiteArray.defaultCall(CallSiteArray.java:48)
	at org.codehaus.groovy.runtime.callsite.AbstractCallSite.call(AbstractCallSite.java:113)
	at org.codehaus.groovy.runtime.callsite.AbstractCallSite.call(AbstractCallSite.java:125)
	at Script1536586720962.run(Script1536586720962.groovy:48)
	at com.kms.katalon.core.main.ScriptEngine.run(ScriptEngine.java:183)
	at com.kms.katalon.core.main.ScriptEngine.runScriptAsRawText(ScriptEngine.java:108)
	at com.kms.katalon.core.main.TestCaseExecutor.runScript(TestCaseExecutor.java:294)
	at com.kms.katalon.core.main.TestCaseExecutor.doExecute(TestCaseExecutor.java:285)
	at com.kms.katalon.core.main.TestCaseExecutor.processExecutionPhase(TestCaseExecutor.java:264)
	at com.kms.katalon.core.main.TestCaseExecutor.accessMainPhase(TestCaseExecutor.java:256)
	at com.kms.katalon.core.main.TestCaseExecutor.execute(TestCaseExecutor.java:200)
	at com.kms.katalon.core.main.TestSuiteExecutor.accessTestCaseMainPhase(TestSuiteExecutor.java:129)
	at com.kms.katalon.core.main.TestSuiteExecutor.accessTestSuiteMainPhase(TestSuiteExecutor.java:112)
	at com.kms.katalon.core.main.TestSuiteExecutor.execute(TestSuiteExecutor.java:81)
	at com.kms.katalon.core.main.TestCaseMain.startTestSuite(TestCaseMain.java:142)
	at com.kms.katalon.core.main.TestCaseMain$startTestSuite$0.call(Unknown Source)
	at org.codehaus.groovy.runtime.callsite.CallSiteArray.defaultCall(CallSiteArray.java:48)
	at org.codehaus.groovy.runtime.callsite.AbstractCallSite.call(AbstractCallSite.java:113)
	at org.codehaus.groovy.runtime.callsite.AbstractCallSite.call(AbstractCallSite.java:141)
	at TempTestSuite1538296235151.run(TempTestSuite1538296235151.groovy:36)
	at groovy.lang.GroovyShell.runScriptOrMainOrTestOrRunnable(GroovyShell.java:263)
	at groovy.lang.GroovyShell.run(GroovyShell.java:518)
	at groovy.lang.GroovyShell.run(GroovyShell.java:507)
	at groovy.ui.GroovyMain.processOnce(GroovyMain.java:653)
	at groovy.ui.GroovyMain.run(GroovyMain.java:384)
	at groovy.ui.GroovyMain.process(GroovyMain.java:370)
	at groovy.ui.GroovyMain.processArgs(GroovyMain.java:129)
	at groovy.ui.GroovyMain.main(GroovyMain.java:109)
	at sun.reflect.NativeMethodAccessorImpl.invoke0(Native Method)
	at sun.reflect.NativeMethodAccessorImpl.invoke(NativeMethodAccessorImpl.java:62)
	at sun.reflect.DelegatingMethodAccessorImpl.invoke(DelegatingMethodAccessorImpl.java:43)
	at java.lang.reflect.Method.invoke(Method.java:498)
	at org.codehaus.groovy.tools.GroovyStarter.rootLoader(GroovyStarter.java:109)
	at org.codehaus.groovy.tools.GroovyStarter.main(GroovyStarter.java:131)
)]]></system-err>
   </testsuite>
</testsuites>
